{"logTime": "0327/231451", "correlationVector":"h+Nm4mozBl6EITeIvfDB0j.14","action":"GetUpdates", "result":"DeleteReceived", "context":{"id":"e6953c37-6a12-4217-9aed-c7f4ee08217c", "isDeleted:":"true", "version":"1710515253006"}}
{"logTime": "0327/231451", "correlationVector":"h+Nm4mozBl6EITeIvfDB0j.15","action":"GetUpdates", "result":"DeleteReceived", "context":{"id":"caf614f0-5f68-49c8-85d8-f3c7fe811cf0", "isDeleted:":"true", "version":"1710515253007"}}
{"logTime": "0327/231451", "correlationVector":"h+Nm4mozBl6EITeIvfDB0j.16","action":"GetUpdates", "result":"DeleteReceived", "context":{"id":"f232f57c-8d08-4c37-bb01-02c271b2b09f", "isDeleted:":"true", "version":"1710515253008"}}
{"logTime": "0327/231451", "correlationVector":"h+Nm4mozBl6EITeIvfDB0j.17","action":"GetUpdates", "result":"DeleteReceived", "context":{"id":"d2907cf8-ef77-4df3-9174-1f0fa6da62cc", "isDeleted:":"true", "version":"1710515253009"}}
{"logTime": "0327/231451", "correlationVector":"h+Nm4mozBl6EITeIvfDB0j.18","action":"GetUpdates", "result":"DeleteReceived", "context":{"id":"c037b825-1720-41fe-9bcf-0ecc5a44e36c", "isDeleted:":"true", "version":"1710515253010"}}
{"logTime": "0327/231451", "correlationVector":"h+Nm4mozBl6EITeIvfDB0j.19","action":"GetUpdates", "result":"DeleteReceived", "context":{"id":"d5297cea-27e3-42aa-9ea2-e5232b904db5", "isDeleted:":"true", "version":"1710532112215"}}
{"logTime": "0327/231451", "correlationVector":"h+Nm4mozBl6EITeIvfDB0j.20","action":"GetUpdates", "result":"DeleteReceived", "context":{"id":"78917414-1205-45c1-84c4-4917ec3a3cc0", "isDeleted:":"true", "version":"1710657264389"}}
{"logTime": "0327/231451", "correlationVector":"h+Nm4mozBl6EITeIvfDB0j.21","action":"GetUpdates", "result":"DeleteReceived", "context":{"id":"76ae35d5-605c-4e59-9c15-c13258fbf0f8", "isDeleted:":"true", "version":"1710657264392"}}
{"logTime": "0327/231451", "correlationVector":"h+Nm4mozBl6EITeIvfDB0j.22","action":"GetUpdates", "result":"DeleteReceived", "context":{"id":"52720f69-b57d-471f-a2d8-df7b4ca49ae7", "isDeleted:":"true", "version":"1710657467905"}}
{"logTime": "0327/231451", "correlationVector":"h+Nm4mozBl6EITeIvfDB0j.23","action":"GetUpdates", "result":"DeleteReceived", "context":{"id":"0b22c32e-5917-4c88-ba38-7903c7bf5c89", "isDeleted:":"true", "version":"1710657467906"}}
{"logTime": "0327/231451", "correlationVector":"h+Nm4mozBl6EITeIvfDB0j.24","action":"GetUpdates", "result":"DeleteReceived", "context":{"id":"ef7f16d3-9b5b-4307-b8e5-fc9b086419c9", "isDeleted:":"true", "version":"1710658039128"}}
{"logTime": "0327/231451", "correlationVector":"h+Nm4mozBl6EITeIvfDB0j.25","action":"GetUpdates", "result":"DeleteReceived", "context":{"id":"65014615-0037-4ab8-aa84-fd4f2f85d285", "isDeleted:":"true", "version":"1710658085783"}}
{"logTime": "0327/231451", "correlationVector":"h+Nm4mozBl6EITeIvfDB0j.26","action":"GetUpdates", "result":"DeleteReceived", "context":{"id":"409beaea-f4dd-413b-b2b4-7cad80502e03", "isDeleted:":"true", "version":"1710664132643"}}
{"logTime": "0327/231451", "correlationVector":"h+Nm4mozBl6EITeIvfDB0j.27","action":"GetUpdates", "result":"DeleteReceived", "context":{"id":"82e811ab-061a-41be-aaf7-568715e8d6f0", "isDeleted:":"true", "version":"1710666380017"}}
{"logTime": "0327/231451", "correlationVector":"h+Nm4mozBl6EITeIvfDB0j.28","action":"GetUpdates", "result":"DeleteReceived", "context":{"id":"755dc67d-9ce1-404d-9333-f6a9d36d6e98", "isDeleted:":"true", "version":"1710667636164"}}
{"logTime": "0327/231451", "correlationVector":"h+Nm4mozBl6EITeIvfDB0j.29","action":"GetUpdates", "result":"DeleteReceived", "context":{"id":"d952d834-350a-496c-a08f-8abed975c08c", "isDeleted:":"true", "version":"1710669784902"}}
{"logTime": "0327/231451", "correlationVector":"h+Nm4mozBl6EITeIvfDB0j.30","action":"GetUpdates", "result":"DeleteReceived", "context":{"id":"b7552938-5b64-452b-9b1f-ab51a4d13b7e", "isDeleted:":"true", "version":"1710669914249"}}
{"logTime": "0327/231451", "correlationVector":"h+Nm4mozBl6EITeIvfDB0j.31","action":"GetUpdates", "result":"DeleteReceived", "context":{"id":"7f0bbc9a-2557-468a-a9df-26d9eb5e83be", "isDeleted:":"true", "version":"1710671280462"}}
{"logTime": "0327/231451", "correlationVector":"h+Nm4mozBl6EITeIvfDB0j.32","action":"GetUpdates", "result":"DeleteReceived", "context":{"id":"eadeeb71-9661-4150-af47-0d9de82c36d2", "isDeleted:":"true", "version":"1710674827029"}}
{"logTime": "0327/231451", "correlationVector":"h+Nm4mozBl6EITeIvfDB0j.33","action":"GetUpdates", "result":"DeleteReceived", "context":{"id":"b60badc7-1eed-475f-807a-5cdd7d503731", "isDeleted:":"true", "version":"1710677941096"}}
{"logTime": "0327/231451", "correlationVector":"h+Nm4mozBl6EITeIvfDB0j.34","action":"GetUpdates", "result":"DeleteReceived", "context":{"id":"a5332722-2cde-44a8-a2b7-d6ba4bc7b5ee", "isDeleted:":"true", "version":"1710677941097"}}
{"logTime": "0327/231451", "correlationVector":"h+Nm4mozBl6EITeIvfDB0j.35","action":"GetUpdates", "result":"DeleteReceived", "context":{"id":"3d28292c-885c-4f57-8540-324f7b6b9c2b", "isDeleted:":"true", "version":"1710677941098"}}
{"logTime": "0327/231451", "correlationVector":"h+Nm4mozBl6EITeIvfDB0j.36","action":"GetUpdates", "result":"DeleteReceived", "context":{"id":"0ccc02c7-bec9-4b50-8fdb-22ca0b85c56b", "isDeleted:":"true", "version":"1710677941099"}}
{"logTime": "0327/231451", "correlationVector":"h+Nm4mozBl6EITeIvfDB0j.37","action":"GetUpdates", "result":"DeleteReceived", "context":{"id":"b5caf3b8-e88c-4988-8492-44f675dad955", "isDeleted:":"true", "version":"1710677941100"}}
{"logTime": "0327/231451", "correlationVector":"h+Nm4mozBl6EITeIvfDB0j.38","action":"GetUpdates", "result":"DeleteReceived", "context":{"id":"31a25b06-36b2-401f-8650-7c0e3aefbd20", "isDeleted:":"true", "version":"1710744218186"}}
{"logTime": "0327/231451", "correlationVector":"h+Nm4mozBl6EITeIvfDB0j.39","action":"GetUpdates", "result":"DeleteReceived", "context":{"id":"50a758b9-a9fe-445d-8b6c-e6fcbc9967ca", "isDeleted:":"true", "version":"1710744218187"}}
{"logTime": "0327/231451", "correlationVector":"h+Nm4mozBl6EITeIvfDB0j.40","action":"GetUpdates", "result":"DeleteReceived", "context":{"id":"692f1848-4242-4a97-9821-0b64576d2924", "isDeleted:":"true", "version":"1710744330674"}}
{"logTime": "0327/231451", "correlationVector":"h+Nm4mozBl6EITeIvfDB0j.41","action":"GetUpdates", "result":"DeleteReceived", "context":{"id":"5120e8c2-b2bc-4592-867e-747fd61c610a", "isDeleted:":"true", "version":"1710744439086"}}
{"logTime": "0327/231451", "correlationVector":"h+Nm4mozBl6EITeIvfDB0j.42","action":"GetUpdates", "result":"DeleteReceived", "context":{"id":"735f36fe-f78e-418e-82bf-d623d8e82a5b", "isDeleted:":"true", "version":"1710744593718"}}
{"logTime": "0327/231451", "correlationVector":"h+Nm4mozBl6EITeIvfDB0j.43","action":"GetUpdates", "result":"DeleteReceived", "context":{"id":"39bb821a-c474-41a2-92b2-d585586744f6", "isDeleted:":"true", "version":"1710745161851"}}
{"logTime": "0327/231451", "correlationVector":"h+Nm4mozBl6EITeIvfDB0j.44","action":"GetUpdates", "result":"DeleteReceived", "context":{"id":"0d5d75df-5e2e-48bc-84ed-860f76c79e5c", "isDeleted:":"true", "version":"1710745619157"}}
{"logTime": "0327/231451", "correlationVector":"h+Nm4mozBl6EITeIvfDB0j.45","action":"GetUpdates", "result":"DeleteReceived", "context":{"id":"3d1361d5-d684-43a7-90c1-97e03c883054", "isDeleted:":"true", "version":"1710746247111"}}
{"logTime": "0327/231451", "correlationVector":"h+Nm4mozBl6EITeIvfDB0j.46","action":"GetUpdates", "result":"DeleteReceived", "context":{"id":"30acb3cc-c410-4975-82aa-a60a01665b1b", "isDeleted:":"true", "version":"1710746348940"}}
{"logTime": "0327/231451", "correlationVector":"h+Nm4mozBl6EITeIvfDB0j.47","action":"GetUpdates", "result":"DeleteReceived", "context":{"id":"cf0de05a-854c-40fb-8304-eb97dcec371f", "isDeleted:":"true", "version":"1710746545596"}}
{"logTime": "0327/231451", "correlationVector":"h+Nm4mozBl6EITeIvfDB0j.48","action":"GetUpdates", "result":"DeleteReceived", "context":{"id":"98b62ff1-b578-4809-8da8-d27adaedeb38", "isDeleted:":"true", "version":"1710751054863"}}
{"logTime": "0327/231451", "correlationVector":"h+Nm4mozBl6EITeIvfDB0j.49","action":"GetUpdates", "result":"DeleteReceived", "context":{"id":"1a974d08-3f54-4f60-8319-c3160fbf0df9", "isDeleted:":"true", "version":"1710754015649"}}
{"logTime": "0327/231451", "correlationVector":"h+Nm4mozBl6EITeIvfDB0j.50","action":"GetUpdates", "result":"DeleteReceived", "context":{"id":"220ed11a-2472-4c3e-8fc3-d8a3cfb2f4db", "isDeleted:":"true", "version":"1710761733909"}}
{"logTime": "0327/231451", "correlationVector":"h+Nm4mozBl6EITeIvfDB0j.51","action":"GetUpdates", "result":"DeleteReceived", "context":{"id":"637e180c-f7af-4bdc-855d-682f7d59c4ba", "isDeleted:":"true", "version":"1710763778502"}}
{"logTime": "0327/231451", "correlationVector":"h+Nm4mozBl6EITeIvfDB0j.52","action":"GetUpdates", "result":"DeleteReceived", "context":{"id":"eb7f7401-ad39-4ece-a5f8-9a19a3fd0134", "isDeleted:":"true", "version":"1710764787747"}}
{"logTime": "0327/231451", "correlationVector":"h+Nm4mozBl6EITeIvfDB0j.53","action":"GetUpdates", "result":"DeleteReceived", "context":{"id":"99480d1c-55ac-47a2-8582-9f1108939b89", "isDeleted:":"true", "version":"1710830678626"}}
{"logTime": "0327/231451", "correlationVector":"h+Nm4mozBl6EITeIvfDB0j.54","action":"GetUpdates", "result":"DeleteReceived", "context":{"id":"bbcd9fa0-4b02-49a4-8698-23f10df63ce3", "isDeleted:":"true", "version":"1710830678627"}}
{"logTime": "0327/231451", "correlationVector":"h+Nm4mozBl6EITeIvfDB0j.55","action":"GetUpdates", "result":"DeleteReceived", "context":{"id":"db49705d-dfb4-4a26-91c5-01115be49049", "isDeleted:":"true", "version":"1710831382041"}}
{"logTime": "0327/231451", "correlationVector":"h+Nm4mozBl6EITeIvfDB0j.56","action":"GetUpdates", "result":"DeleteReceived", "context":{"id":"c8f9a52f-57d0-4fc0-9b93-363dc76753fa", "isDeleted:":"true", "version":"1710831382043"}}
{"logTime": "0327/231451", "correlationVector":"h+Nm4mozBl6EITeIvfDB0j.57","action":"GetUpdates", "result":"DeleteReceived", "context":{"id":"2dc0b231-f182-4100-972d-c5c683223c80", "isDeleted:":"true", "version":"1710831382044"}}
{"logTime": "0327/231451", "correlationVector":"h+Nm4mozBl6EITeIvfDB0j.58","action":"GetUpdates", "result":"DeleteReceived", "context":{"id":"0e23518e-0ab6-4154-805d-535601fd5ebd", "isDeleted:":"true", "version":"1710831382045"}}
{"logTime": "0327/231451", "correlationVector":"h+Nm4mozBl6EITeIvfDB0j.59","action":"GetUpdates", "result":"DeleteReceived", "context":{"id":"f7095c6e-726c-42d0-8177-2f7d4ea34c17", "isDeleted:":"true", "version":"1710832326956"}}
{"logTime": "0327/231451", "correlationVector":"h+Nm4mozBl6EITeIvfDB0j.60","action":"GetUpdates", "result":"DeleteReceived", "context":{"id":"a10a301e-340e-4331-bc09-c62222f12b11", "isDeleted:":"true", "version":"1710832995830"}}
{"logTime": "0327/231451", "correlationVector":"h+Nm4mozBl6EITeIvfDB0j.61","action":"GetUpdates", "result":"DeleteReceived", "context":{"id":"1ddc03ee-cb11-4608-a0c4-525d822e568f", "isDeleted:":"true", "version":"1710833115044"}}
{"logTime": "0327/231451", "correlationVector":"h+Nm4mozBl6EITeIvfDB0j.62","action":"GetUpdates", "result":"DeleteReceived", "context":{"id":"89f10254-9ee3-41dc-b006-d4ce71985fa7", "isDeleted:":"true", "version":"1710833303942"}}
{"logTime": "0327/231451", "correlationVector":"h+Nm4mozBl6EITeIvfDB0j.63","action":"GetUpdates", "result":"DeleteReceived", "context":{"id":"e982b0cf-e4e4-4d48-8912-769cb7d6b58c", "isDeleted:":"true", "version":"1710836446332"}}
{"logTime": "0327/231451", "correlationVector":"h+Nm4mozBl6EITeIvfDB0j.64","action":"GetUpdates", "result":"DeleteReceived", "context":{"id":"ea4b9d79-0b3d-46d5-8304-fdc5a365628e", "isDeleted:":"true", "version":"1710836446333"}}
{"logTime": "0327/231451", "correlationVector":"h+Nm4mozBl6EITeIvfDB0j.65","action":"GetUpdates", "result":"DeleteReceived", "context":{"id":"d6394adf-443f-4442-8fd7-faf5e30243f2", "isDeleted:":"true", "version":"1710836446334"}}
{"logTime": "0327/231451", "correlationVector":"h+Nm4mozBl6EITeIvfDB0j.66","action":"GetUpdates", "result":"DeleteReceived", "context":{"id":"ed999ad3-01e7-4245-8350-d5da87f34b74", "isDeleted:":"true", "version":"1710836446337"}}
{"logTime": "0327/231451", "correlationVector":"h+Nm4mozBl6EITeIvfDB0j.67","action":"GetUpdates", "result":"DeleteReceived", "context":{"id":"adedf09a-397c-4fab-ba26-24cd9b6089b1", "isDeleted:":"true", "version":"1710836446338"}}
{"logTime": "0327/231451", "correlationVector":"h+Nm4mozBl6EITeIvfDB0j.68","action":"GetUpdates", "result":"DeleteReceived", "context":{"id":"e45675e5-55e7-44dd-9b14-dbf1866cd785", "isDeleted:":"true", "version":"1710836446339"}}
{"logTime": "0327/231451", "correlationVector":"h+Nm4mozBl6EITeIvfDB0j.69","action":"GetUpdates", "result":"DeleteReceived", "context":{"id":"1620b46f-bc0c-4d79-b3ce-f5f9fe28b527", "isDeleted:":"true", "version":"1710838273029"}}
{"logTime": "0327/231451", "correlationVector":"h+Nm4mozBl6EITeIvfDB0j.70","action":"GetUpdates", "result":"DeleteReceived", "context":{"id":"5790166a-378a-424d-b3a1-6f53199780ac", "isDeleted:":"true", "version":"1710841318363"}}
{"logTime": "0327/231451", "correlationVector":"h+Nm4mozBl6EITeIvfDB0j.71","action":"GetUpdates", "result":"DeleteReceived", "context":{"id":"96eb1afa-8075-47f1-841f-8d8add6d772f", "isDeleted:":"true", "version":"1710841318364"}}
{"logTime": "0327/231451", "correlationVector":"h+Nm4mozBl6EITeIvfDB0j.72","action":"GetUpdates", "result":"DeleteReceived", "context":{"id":"424ac02a-bd9a-499b-87d5-36660dee6f9a", "isDeleted:":"true", "version":"1710841349028"}}
{"logTime": "0327/231451", "correlationVector":"h+Nm4mozBl6EITeIvfDB0j.73","action":"GetUpdates", "result":"DeleteReceived", "context":{"id":"04b7099b-c5bb-43fd-95ac-6e516b6aa3c9", "isDeleted:":"true", "version":"1710841349029"}}
{"logTime": "0327/231451", "correlationVector":"h+Nm4mozBl6EITeIvfDB0j.74","action":"GetUpdates", "result":"DeleteReceived", "context":{"id":"1a13fe0d-ccb5-40b1-b453-e0e41bec10c4", "isDeleted:":"true", "version":"1710841432675"}}
{"logTime": "0327/231451", "correlationVector":"h+Nm4mozBl6EITeIvfDB0j.75","action":"GetUpdates", "result":"DeleteReceived", "context":{"id":"07d95e30-7984-4de3-a974-53845ba4a616", "isDeleted:":"true", "version":"1710841465462"}}
{"logTime": "0327/231451", "correlationVector":"h+Nm4mozBl6EITeIvfDB0j.76","action":"GetUpdates", "result":"DeleteReceived", "context":{"id":"8ca7b051-857b-4427-993d-c8d73fed6c72", "isDeleted:":"true", "version":"1710841647877"}}
{"logTime": "0327/231451", "correlationVector":"h+Nm4mozBl6EITeIvfDB0j.77","action":"GetUpdates", "result":"DeleteReceived", "context":{"id":"82bd6059-d102-4e7b-8f2b-54ca74359618", "isDeleted:":"true", "version":"1710842079244"}}
{"logTime": "0327/231451", "correlationVector":"h+Nm4mozBl6EITeIvfDB0j.78","action":"GetUpdates", "result":"DeleteReceived", "context":{"id":"56e34b0f-731a-427c-9688-ad08c54154a0", "isDeleted:":"true", "version":"1710842141588"}}
{"logTime": "0327/231451", "correlationVector":"h+Nm4mozBl6EITeIvfDB0j.79","action":"GetUpdates", "result":"DeleteReceived", "context":{"id":"474b5c55-aa73-4c5e-ab7b-dc429ab14319", "isDeleted:":"true", "version":"1710842158763"}}
{"logTime": "0327/231451", "correlationVector":"h+Nm4mozBl6EITeIvfDB0j.80","action":"GetUpdates", "result":"DeleteReceived", "context":{"id":"aab31ab8-d21e-46d4-b8bf-53bf8764bea6", "isDeleted:":"true", "version":"1710842192294"}}
{"logTime": "0327/231451", "correlationVector":"h+Nm4mozBl6EITeIvfDB0j.81","action":"GetUpdates", "result":"DeleteReceived", "context":{"id":"e5bd0fbd-7ab7-4fee-bb8e-5ad4d7184b52", "isDeleted:":"true", "version":"1710842351744"}}
{"logTime": "0327/231451", "correlationVector":"h+Nm4mozBl6EITeIvfDB0j.82","action":"GetUpdates", "result":"DeleteReceived", "context":{"id":"70309c27-b5d0-4bc9-8a38-99b842543f43", "isDeleted:":"true", "version":"1710842351745"}}
{"logTime": "0327/231451", "correlationVector":"h+Nm4mozBl6EITeIvfDB0j.83","action":"GetUpdates", "result":"DeleteReceived", "context":{"id":"c2754a50-95fb-4e12-8436-e3c433e95caf", "isDeleted:":"true", "version":"1710842620096"}}
{"logTime": "0327/231451", "correlationVector":"h+Nm4mozBl6EITeIvfDB0j.84","action":"GetUpdates", "result":"DeleteReceived", "context":{"id":"03ed842c-e745-4123-ad25-3fb9fc125d39", "isDeleted:":"true", "version":"1710843649753"}}
{"logTime": "0327/231451", "correlationVector":"h+Nm4mozBl6EITeIvfDB0j.85","action":"GetUpdates", "result":"DeleteReceived", "context":{"id":"e0c41759-bd1a-4495-92b9-b6e1e5fc191e", "isDeleted:":"true", "version":"1710844286112"}}
{"logTime": "0327/231451", "correlationVector":"h+Nm4mozBl6EITeIvfDB0j.86","action":"GetUpdates", "result":"DeleteReceived", "context":{"id":"e2e46b6c-f8c8-4590-8409-b0a6347fe8d2", "isDeleted:":"true", "version":"1710844286115"}}
{"logTime": "0327/231451", "correlationVector":"h+Nm4mozBl6EITeIvfDB0j.87","action":"GetUpdates", "result":"DeleteReceived", "context":{"id":"1050f994-8d35-4284-91c7-37efbed94572", "isDeleted:":"true", "version":"1710844390673"}}
{"logTime": "0327/231451", "correlationVector":"h+Nm4mozBl6EITeIvfDB0j.88","action":"GetUpdates", "result":"DeleteReceived", "context":{"id":"6b940aed-09c4-47cb-a97d-1ed5a3b849a8", "isDeleted:":"true", "version":"1710844444716"}}
{"logTime": "0327/231451", "correlationVector":"h+Nm4mozBl6EITeIvfDB0j.89","action":"GetUpdates", "result":"DeleteReceived", "context":{"id":"1b5add86-d8c1-4f5a-a089-dadf5651c2f0", "isDeleted:":"true", "version":"1710844444717"}}
{"logTime": "0327/231451", "correlationVector":"h+Nm4mozBl6EITeIvfDB0j.90","action":"GetUpdates", "result":"DeleteReceived", "context":{"id":"716a3193-aae2-445a-a54d-fce445a61bb6", "isDeleted:":"true", "version":"1710844444721"}}
{"logTime": "0327/231451", "correlationVector":"h+Nm4mozBl6EITeIvfDB0j.91","action":"GetUpdates", "result":"DeleteReceived", "context":{"id":"a439057b-1a5b-47c2-b7bd-880d5e2925e9", "isDeleted:":"true", "version":"1710844545946"}}
{"logTime": "0327/231451", "correlationVector":"h+Nm4mozBl6EITeIvfDB0j.92","action":"GetUpdates", "result":"DeleteReceived", "context":{"id":"fed4fff7-57e4-4c48-ab3c-660664a354d3", "isDeleted:":"true", "version":"1710844624696"}}
{"logTime": "0327/231451", "correlationVector":"h+Nm4mozBl6EITeIvfDB0j.93","action":"GetUpdates", "result":"DeleteReceived", "context":{"id":"1c90e32e-ad3b-4035-a022-809413c1cf1d", "isDeleted:":"true", "version":"1710844624697"}}
{"logTime": "0327/231451", "correlationVector":"h+Nm4mozBl6EITeIvfDB0j.94","action":"GetUpdates", "result":"DeleteReceived", "context":{"id":"f535cc67-703a-4c01-8e59-3f7d6884cf5e", "isDeleted:":"true", "version":"1710844734827"}}
{"logTime": "0327/231451", "correlationVector":"h+Nm4mozBl6EITeIvfDB0j.95","action":"GetUpdates", "result":"DeleteReceived", "context":{"id":"33797131-0b39-49a3-9eee-4ab932095e9d", "isDeleted:":"true", "version":"1710848877355"}}
{"logTime": "0327/231451", "correlationVector":"h+Nm4mozBl6EITeIvfDB0j.96","action":"GetUpdates", "result":"DeleteReceived", "context":{"id":"2fbe76c0-cebf-439c-b1ea-7fbddfca8907", "isDeleted:":"true", "version":"1710848877356"}}
{"logTime": "0327/231451", "correlationVector":"h+Nm4mozBl6EITeIvfDB0j.97","action":"GetUpdates", "result":"DeleteReceived", "context":{"id":"d871dcb7-6fd5-405f-a43b-01c7d1ff2dbd", "isDeleted:":"true", "version":"1710848877357"}}
{"logTime": "0327/231451", "correlationVector":"h+Nm4mozBl6EITeIvfDB0j.98","action":"GetUpdates", "result":"DeleteReceived", "context":{"id":"db62192b-5d01-4e52-afce-e5c76e889c7e", "isDeleted:":"true", "version":"1710849266248"}}
{"logTime": "0327/231451", "correlationVector":"h+Nm4mozBl6EITeIvfDB0j.99","action":"GetUpdates", "result":"DeleteReceived", "context":{"id":"f6de27c0-6b42-4324-8353-37d3b650c59d", "isDeleted:":"true", "version":"1710849266249"}}
{"logTime": "0327/231451", "correlationVector":"h+Nm4mozBl6EITeIvfDB0j.100","action":"GetUpdates", "result":"DeleteReceived", "context":{"id":"453cd207-bf4b-4070-9f47-9d3b2edb79b2", "isDeleted:":"true", "version":"1710849948196"}}
{"logTime": "0327/231451", "correlationVector":"h+Nm4mozBl6EITeIvfDB0j.101","action":"GetUpdates", "result":"DeleteReceived", "context":{"id":"d198e5a5-0c76-4dad-831d-2037d0c18743", "isDeleted:":"true", "version":"1710850371586"}}
{"logTime": "0327/231451", "correlationVector":"h+Nm4mozBl6EITeIvfDB0j.102","action":"GetUpdates", "result":"DeleteReceived", "context":{"id":"f18b1430-e82e-417f-b0fa-e08da903bb01", "isDeleted:":"true", "version":"1710850740514"}}
{"logTime": "0327/231451", "correlationVector":"h+Nm4mozBl6EITeIvfDB0j.103","action":"GetUpdates", "result":"DeleteReceived", "context":{"id":"68c998a3-24b3-49d8-ae82-1e2ea3380da5", "isDeleted:":"true", "version":"1710894534044"}}
{"logTime": "0327/231451", "correlationVector":"h+Nm4mozBl6EITeIvfDB0j.104","action":"GetUpdates", "result":"DeleteReceived", "context":{"id":"9c607686-1cff-4fbb-a597-071fa3a8318b", "isDeleted:":"true", "version":"1710894534045"}}
{"logTime": "0327/231451", "correlationVector":"h+Nm4mozBl6EITeIvfDB0j.105","action":"GetUpdates", "result":"DeleteReceived", "context":{"id":"d116a336-eec1-4462-a148-9d2fc6d3cb3c", "isDeleted:":"true", "version":"1710894534047"}}
{"logTime": "0327/231451", "correlationVector":"h+Nm4mozBl6EITeIvfDB0j.106","action":"GetUpdates", "result":"DeleteReceived", "context":{"id":"2946ec14-6f76-46ca-b29b-0e25105fb0f4", "isDeleted:":"true", "version":"1710894534048"}}
{"logTime": "0327/231451", "correlationVector":"h+Nm4mozBl6EITeIvfDB0j.107","action":"GetUpdates", "result":"DeleteReceived", "context":{"id":"c66d1da4-aa27-4e41-8116-e150e58b7ba7", "isDeleted:":"true", "version":"1710894534049"}}
{"logTime": "0327/231451", "correlationVector":"h+Nm4mozBl6EITeIvfDB0j.108","action":"GetUpdates", "result":"DeleteReceived", "context":{"id":"0b3fc815-2b9d-40a3-962f-ea60b8f6e1d1", "isDeleted:":"true", "version":"1710894534050"}}
{"logTime": "0327/231451", "correlationVector":"h+Nm4mozBl6EITeIvfDB0j.109","action":"GetUpdates", "result":"DeleteReceived", "context":{"id":"716702c3-3151-4459-8d99-2641d4fae2da", "isDeleted:":"true", "version":"1710894534051"}}
{"logTime": "0327/231451", "correlationVector":"h+Nm4mozBl6EITeIvfDB0j.110","action":"GetUpdates", "result":"DeleteReceived", "context":{"id":"77b39482-5273-4fa8-a6ff-e87712ec99d4", "isDeleted:":"true", "version":"1710894534052"}}
{"logTime": "0327/231451", "correlationVector":"h+Nm4mozBl6EITeIvfDB0j.111","action":"GetUpdates", "result":"DeleteReceived", "context":{"id":"e1c85337-6db7-4504-a1d3-cbd06b315f8d", "isDeleted:":"true", "version":"1710894534053"}}
{"logTime": "0327/231451", "correlationVector":"h+Nm4mozBl6EITeIvfDB0j.112","action":"GetUpdates", "result":"DeleteReceived", "context":{"id":"c567bb0d-0453-4005-b10b-b6be367b273c", "isDeleted:":"true", "version":"1710894534055"}}
{"logTime": "0327/231451", "correlationVector":"h+Nm4mozBl6EITeIvfDB0j.113","action":"GetUpdates", "result":"DeleteReceived", "context":{"id":"201a6836-95a5-4bcb-84e9-428639b64e49", "isDeleted:":"true", "version":"1710894534056"}}
{"logTime": "0327/231451", "correlationVector":"h+Nm4mozBl6EITeIvfDB0j.114","action":"GetUpdates", "result":"DeleteReceived", "context":{"id":"c345ef78-2667-4771-a6d4-c2d86eb78eaf", "isDeleted:":"true", "version":"1710894534057"}}
{"logTime": "0327/231451", "correlationVector":"h+Nm4mozBl6EITeIvfDB0j.115","action":"GetUpdates", "result":"DeleteReceived", "context":{"id":"49cc8077-3658-4fda-921d-bd24be9310dc", "isDeleted:":"true", "version":"1710917028178"}}
{"logTime": "0327/231451", "correlationVector":"h+Nm4mozBl6EITeIvfDB0j.116","action":"GetUpdates", "result":"DeleteReceived", "context":{"id":"59be4875-224c-4b41-85da-fc4c74d191e7", "isDeleted:":"true", "version":"1710917086982"}}
{"logTime": "0327/231451", "correlationVector":"h+Nm4mozBl6EITeIvfDB0j.117","action":"GetUpdates", "result":"DeleteReceived", "context":{"id":"f3428809-b9df-482d-a415-89a7dda080a3", "isDeleted:":"true", "version":"1710917512983"}}
{"logTime": "0327/231451", "correlationVector":"h+Nm4mozBl6EITeIvfDB0j.118","action":"GetUpdates", "result":"DeleteReceived", "context":{"id":"75ded020-bb82-4193-9949-15116430013d", "isDeleted:":"true", "version":"1710918441710"}}
{"logTime": "0327/231451", "correlationVector":"h+Nm4mozBl6EITeIvfDB0j.119","action":"GetUpdates", "result":"DeleteReceived", "context":{"id":"201ab5b9-9b01-4bb4-bc3d-0d59aabc15f3", "isDeleted:":"true", "version":"1710918578959"}}
{"logTime": "0327/231451", "correlationVector":"h+Nm4mozBl6EITeIvfDB0j.120","action":"GetUpdates", "result":"DeleteReceived", "context":{"id":"ec2a3c91-cde3-4ca4-9a19-fcbe7acf3bab", "isDeleted:":"true", "version":"1710918995439"}}
{"logTime": "0327/231451", "correlationVector":"h+Nm4mozBl6EITeIvfDB0j.121","action":"GetUpdates", "result":"DeleteReceived", "context":{"id":"265189b9-bdae-4a18-9d07-cdd74c6501e2", "isDeleted:":"true", "version":"1710918995440"}}
{"logTime": "0327/231451", "correlationVector":"h+Nm4mozBl6EITeIvfDB0j.122","action":"GetUpdates", "result":"DeleteReceived", "context":{"id":"24feb4b4-e318-4340-b5fc-c13a4c63026c", "isDeleted:":"true", "version":"1710919626437"}}
{"logTime": "0327/231451", "correlationVector":"h+Nm4mozBl6EITeIvfDB0j.123","action":"GetUpdates", "result":"DeleteReceived", "context":{"id":"aad175ed-c244-406f-906b-ce129fad12ce", "isDeleted:":"true", "version":"1710919626438"}}
{"logTime": "0327/231451", "correlationVector":"h+Nm4mozBl6EITeIvfDB0j.124","action":"GetUpdates", "result":"DeleteReceived", "context":{"id":"9232fc8c-b28b-4160-a7c5-9d37bf000373", "isDeleted:":"true", "version":"1710919866380"}}
{"logTime": "0327/231451", "correlationVector":"h+Nm4mozBl6EITeIvfDB0j.125","action":"GetUpdates", "result":"DeleteReceived", "context":{"id":"40e84fcb-46f9-4aa3-99cc-223195bb74af", "isDeleted:":"true", "version":"1710922872315"}}
{"logTime": "0327/231451", "correlationVector":"h+Nm4mozBl6EITeIvfDB0j.126","action":"GetUpdates", "result":"DeleteReceived", "context":{"id":"2ebb1ff2-9ee1-4827-8a3d-0388ef31352a", "isDeleted:":"true", "version":"1710922872316"}}
{"logTime": "0327/231451", "correlationVector":"h+Nm4mozBl6EITeIvfDB0j.127","action":"GetUpdates", "result":"DeleteReceived", "context":{"id":"dd4f0a1f-93ba-4a76-aa91-b1501bbea94a", "isDeleted:":"true", "version":"1710922872318"}}
{"logTime": "0327/231451", "correlationVector":"h+Nm4mozBl6EITeIvfDB0j.128","action":"GetUpdates", "result":"DeleteReceived", "context":{"id":"10ad7a74-0919-4223-aed1-c9421199bd58", "isDeleted:":"true", "version":"1710926553382"}}
{"logTime": "0327/231451", "correlationVector":"h+Nm4mozBl6EITeIvfDB0j.129","action":"GetUpdates", "result":"DeleteReceived", "context":{"id":"1b42f5f9-1242-4385-93ae-c4e9c436d1ab", "isDeleted:":"true", "version":"1710927996306"}}
{"logTime": "0327/231451", "correlationVector":"h+Nm4mozBl6EITeIvfDB0j.130","action":"GetUpdates", "result":"DeleteReceived", "context":{"id":"05de1d20-2e17-4084-9ca7-eef0c5fc5560", "isDeleted:":"true", "version":"1710927996307"}}
{"logTime": "0327/231451", "correlationVector":"h+Nm4mozBl6EITeIvfDB0j.131","action":"GetUpdates", "result":"DeleteReceived", "context":{"id":"e8bc148c-67d9-4cdf-a423-b603a10d0492", "isDeleted:":"true", "version":"1710928888917"}}
{"logTime": "0327/231451", "correlationVector":"h+Nm4mozBl6EITeIvfDB0j.132","action":"GetUpdates", "result":"DeleteReceived", "context":{"id":"91a6681c-fe47-4d6f-ab5f-d063c147c26f", "isDeleted:":"true", "version":"1710928888920"}}
{"logTime": "0327/231451", "correlationVector":"h+Nm4mozBl6EITeIvfDB0j.133","action":"GetUpdates", "result":"DeleteReceived", "context":{"id":"e61024f7-bad8-4026-b8c9-7974fd658ed6", "isDeleted:":"true", "version":"1710929343956"}}
{"logTime": "0327/231451", "correlationVector":"h+Nm4mozBl6EITeIvfDB0j.134","action":"GetUpdates", "result":"DeleteReceived", "context":{"id":"6d49ac6c-151c-49b8-8277-d62808472e97", "isDeleted:":"true", "version":"1710930052590"}}
{"logTime": "0327/231451", "correlationVector":"h+Nm4mozBl6EITeIvfDB0j.135","action":"GetUpdates", "result":"DeleteReceived", "context":{"id":"95a575fe-a61a-4c56-9011-9e12e1bf8fe3", "isDeleted:":"true", "version":"1710930052591"}}
{"logTime": "0327/231451", "correlationVector":"h+Nm4mozBl6EITeIvfDB0j.136","action":"GetUpdates", "result":"DeleteReceived", "context":{"id":"8ae9d378-4edf-4de9-b3f0-486e743f2e7d", "isDeleted:":"true", "version":"1710930052593"}}
{"logTime": "0327/231451", "correlationVector":"h+Nm4mozBl6EITeIvfDB0j.137","action":"GetUpdates", "result":"DeleteReceived", "context":{"id":"d8065c26-49c4-4ffe-a903-394b013074b1", "isDeleted:":"true", "version":"1710930052594"}}
{"logTime": "0327/231451", "correlationVector":"h+Nm4mozBl6EITeIvfDB0j.138","action":"GetUpdates", "result":"DeleteReceived", "context":{"id":"7d44ff45-dc4b-4786-8890-765dbed07b2c", "isDeleted:":"true", "version":"1710930052595"}}
{"logTime": "0327/231451", "correlationVector":"h+Nm4mozBl6EITeIvfDB0j.139","action":"GetUpdates", "result":"DeleteReceived", "context":{"id":"3d869e2e-f8e0-4ee5-82e2-09ea763c1a91", "isDeleted:":"true", "version":"1710935209093"}}
{"logTime": "0327/231451", "correlationVector":"h+Nm4mozBl6EITeIvfDB0j.140","action":"GetUpdates", "result":"DeleteReceived", "context":{"id":"ef6308d3-31ae-4558-8186-295982201696", "isDeleted:":"true", "version":"1710937615168"}}
{"logTime": "0327/231451", "correlationVector":"h+Nm4mozBl6EITeIvfDB0j.141","action":"GetUpdates", "result":"DeleteReceived", "context":{"id":"076396a2-198d-4cc4-a792-fd572778ddaf", "isDeleted:":"true", "version":"1710972906071"}}
{"logTime": "0327/231451", "correlationVector":"h+Nm4mozBl6EITeIvfDB0j.142","action":"GetUpdates", "result":"DeleteReceived", "context":{"id":"c18ff7de-bd11-4bad-82cb-e656ab581e07", "isDeleted:":"true", "version":"1710972911840"}}
{"logTime": "0327/231451", "correlationVector":"h+Nm4mozBl6EITeIvfDB0j.143","action":"GetUpdates", "result":"DeleteReceived", "context":{"id":"967efbb4-38e1-4a9c-b754-685ce1e17d25", "isDeleted:":"true", "version":"1710974908406"}}
{"logTime": "0327/231451", "correlationVector":"h+Nm4mozBl6EITeIvfDB0j.144","action":"GetUpdates", "result":"DeleteReceived", "context":{"id":"5f4c1562-4141-4f67-a9eb-8906df29fd31", "isDeleted:":"true", "version":"1710975851856"}}
{"logTime": "0327/231451", "correlationVector":"h+Nm4mozBl6EITeIvfDB0j.145","action":"GetUpdates", "result":"DeleteReceived", "context":{"id":"b9be5086-d9a4-4e70-9dbe-753604e0417d", "isDeleted:":"true", "version":"1710978347977"}}
{"logTime": "0327/231451", "correlationVector":"h+Nm4mozBl6EITeIvfDB0j.146","action":"GetUpdates", "result":"DeleteReceived", "context":{"id":"618c27c7-a7c5-4f55-b89d-92a2104e6525", "isDeleted:":"true", "version":"1710979079651"}}
{"logTime": "0327/231451", "correlationVector":"h+Nm4mozBl6EITeIvfDB0j.147","action":"GetUpdates", "result":"DeleteReceived", "context":{"id":"0bf9e172-6e49-4532-ad39-6148b3a3d937", "isDeleted:":"true", "version":"1711002972857"}}
{"logTime": "0327/231451", "correlationVector":"h+Nm4mozBl6EITeIvfDB0j.148","action":"GetUpdates", "result":"DeleteReceived", "context":{"id":"bf8d395a-1b89-4c9b-ae6e-3b36c4a8164d", "isDeleted:":"true", "version":"1711002972858"}}
{"logTime": "0327/231451", "correlationVector":"h+Nm4mozBl6EITeIvfDB0j.149","action":"GetUpdates", "result":"DeleteReceived", "context":{"id":"377ff764-76f4-429d-8ad8-d4fd6389bbdb", "isDeleted:":"true", "version":"1711002972860"}}
{"logTime": "0327/231451", "correlationVector":"h+Nm4mozBl6EITeIvfDB0j.150","action":"GetUpdates", "result":"DeleteReceived", "context":{"id":"973b94eb-f2c2-4c06-9006-459668811c31", "isDeleted:":"true", "version":"1711002972861"}}
{"logTime": "0327/231451", "correlationVector":"h+Nm4mozBl6EITeIvfDB0j.151","action":"GetUpdates", "result":"DeleteReceived", "context":{"id":"462ddaf8-f49d-450c-b461-f01ab144cc9d", "isDeleted:":"true", "version":"1711002972862"}}
{"logTime": "0327/231451", "correlationVector":"h+Nm4mozBl6EITeIvfDB0j.152","action":"GetUpdates", "result":"DeleteReceived", "context":{"id":"f13003a1-ddae-4cb9-838f-f7e90fd8ed82", "isDeleted:":"true", "version":"1711003125055"}}
{"logTime": "0327/231451", "correlationVector":"h+Nm4mozBl6EITeIvfDB0j.153","action":"GetUpdates", "result":"DeleteReceived", "context":{"id":"0347e879-cf87-4a90-ad73-c556d71889e1", "isDeleted:":"true", "version":"1711003244321"}}
{"logTime": "0327/231451", "correlationVector":"h+Nm4mozBl6EITeIvfDB0j.154","action":"GetUpdates", "result":"DeleteReceived", "context":{"id":"28b631e9-7a5d-4029-befc-2303bbfa1626", "isDeleted:":"true", "version":"1711003508974"}}
{"logTime": "0327/231451", "correlationVector":"h+Nm4mozBl6EITeIvfDB0j.155","action":"GetUpdates", "result":"DeleteReceived", "context":{"id":"4136a5a8-0ce2-4311-84e1-f2077172ae0a", "isDeleted:":"true", "version":"1711003508975"}}
{"logTime": "0327/231451", "correlationVector":"h+Nm4mozBl6EITeIvfDB0j.156","action":"GetUpdates", "result":"DeleteReceived", "context":{"id":"0fb6e2fb-c8b6-4323-95f0-de52c10760a3", "isDeleted:":"true", "version":"1711003689867"}}
{"logTime": "0327/231451", "correlationVector":"h+Nm4mozBl6EITeIvfDB0j.157","action":"GetUpdates", "result":"DeleteReceived", "context":{"id":"09cecdab-e718-4186-901b-d8183f8fb8b7", "isDeleted:":"true", "version":"1711003752696"}}
{"logTime": "0327/231451", "correlationVector":"h+Nm4mozBl6EITeIvfDB0j.158","action":"GetUpdates", "result":"DeleteReceived", "context":{"id":"c1eae06b-6f80-4d55-b917-4ee94de6537b", "isDeleted:":"true", "version":"1711003752698"}}
{"logTime": "0327/231451", "correlationVector":"h+Nm4mozBl6EITeIvfDB0j.159","action":"GetUpdates", "result":"DeleteReceived", "context":{"id":"4d5aae85-3509-4369-9390-6dcfd0ea45ea", "isDeleted:":"true", "version":"1711004091959"}}
{"logTime": "0327/231451", "correlationVector":"h+Nm4mozBl6EITeIvfDB0j.160","action":"GetUpdates", "result":"DeleteReceived", "context":{"id":"a5606207-637c-4219-a256-40b051f3d261", "isDeleted:":"true", "version":"1711004091961"}}
{"logTime": "0327/231451", "correlationVector":"h+Nm4mozBl6EITeIvfDB0j.161","action":"GetUpdates", "result":"DeleteReceived", "context":{"id":"6abc3fa6-4ea2-4054-8cf2-48a23e3b1759", "isDeleted:":"true", "version":"1711004755558"}}
{"logTime": "0327/231451", "correlationVector":"h+Nm4mozBl6EITeIvfDB0j.162","action":"GetUpdates", "result":"DeleteReceived", "context":{"id":"9997819a-bbec-4196-a681-81918acbfaf8", "isDeleted:":"true", "version":"1711004755559"}}
{"logTime": "0327/231451", "correlationVector":"h+Nm4mozBl6EITeIvfDB0j.163","action":"GetUpdates", "result":"DeleteReceived", "context":{"id":"c9f38723-8146-428e-aed3-d3b4d77c3c0b", "isDeleted:":"true", "version":"1711005534360"}}
{"logTime": "0327/231451", "correlationVector":"h+Nm4mozBl6EITeIvfDB0j.164","action":"GetUpdates", "result":"DeleteReceived", "context":{"id":"76d8274a-f6ef-43e2-a0c7-f5bb71ee84f1", "isDeleted:":"true", "version":"1711005534361"}}
{"logTime": "0327/231451", "correlationVector":"h+Nm4mozBl6EITeIvfDB0j.165","action":"GetUpdates", "result":"DeleteReceived", "context":{"id":"d11b8c89-2dc7-4f90-be4b-488c9ef9a41d", "isDeleted:":"true", "version":"1711006267339"}}
{"logTime": "0327/231451", "correlationVector":"h+Nm4mozBl6EITeIvfDB0j.166","action":"GetUpdates", "result":"DeleteReceived", "context":{"id":"41ba2992-e76b-49ea-b09d-f8b64fb5e62a", "isDeleted:":"true", "version":"1711006267341"}}
{"logTime": "0327/231451", "correlationVector":"h+Nm4mozBl6EITeIvfDB0j.167","action":"GetUpdates", "result":"DeleteReceived", "context":{"id":"6f9fb5c9-7799-4fdd-9bfd-01d30d476d42", "isDeleted:":"true", "version":"1711006267342"}}
{"logTime": "0327/231451", "correlationVector":"h+Nm4mozBl6EITeIvfDB0j.168","action":"GetUpdates", "result":"DeleteReceived", "context":{"id":"9acc43b4-5f03-4f19-9cf2-5a181fdc10d1", "isDeleted:":"true", "version":"1711006267343"}}
{"logTime": "0327/231451", "correlationVector":"h+Nm4mozBl6EITeIvfDB0j.169","action":"GetUpdates", "result":"DeleteReceived", "context":{"id":"7f6c3a0a-a635-403a-ad12-03458880818b", "isDeleted:":"true", "version":"1711012900459"}}
{"logTime": "0327/231451", "correlationVector":"h+Nm4mozBl6EITeIvfDB0j.170","action":"GetUpdates", "result":"DeleteReceived", "context":{"id":"7b35c8c1-189e-40fc-b76b-6d67b3381088", "isDeleted:":"true", "version":"1711017793582"}}
{"logTime": "0327/231451", "correlationVector":"h+Nm4mozBl6EITeIvfDB0j.171","action":"GetUpdates", "result":"DeleteReceived", "context":{"id":"a9fe37a8-fc23-4dbb-8aef-8662882163bd", "isDeleted:":"true", "version":"1711017952660"}}
{"logTime": "0327/231451", "correlationVector":"h+Nm4mozBl6EITeIvfDB0j.172","action":"GetUpdates", "result":"DeleteReceived", "context":{"id":"c3c6c13a-8d85-4a6f-8fb7-6dcedea46809", "isDeleted:":"true", "version":"1711018288011"}}
{"logTime": "0327/231451", "correlationVector":"h+Nm4mozBl6EITeIvfDB0j.173","action":"GetUpdates", "result":"DeleteReceived", "context":{"id":"7bf3d74b-73ab-49c7-9a6d-f6fb6da7f5a5", "isDeleted:":"true", "version":"1711053739240"}}
{"logTime": "0327/231451", "correlationVector":"h+Nm4mozBl6EITeIvfDB0j.174","action":"GetUpdates", "result":"DeleteReceived", "context":{"id":"03e4cbce-2443-4a63-aad8-246242fea705", "isDeleted:":"true", "version":"1711053739241"}}
{"logTime": "0327/231451", "correlationVector":"h+Nm4mozBl6EITeIvfDB0j.175","action":"GetUpdates", "result":"DeleteReceived", "context":{"id":"539e275d-53b0-43b1-ae44-5ed685899c0b", "isDeleted:":"true", "version":"1711053739242"}}
{"logTime": "0327/231451", "correlationVector":"h+Nm4mozBl6EITeIvfDB0j.176","action":"GetUpdates", "result":"DeleteReceived", "context":{"id":"4849ce64-9f47-4c22-8c2e-90badf6f13e2", "isDeleted:":"true", "version":"1711053739244"}}
{"logTime": "0327/231451", "correlationVector":"h+Nm4mozBl6EITeIvfDB0j.177","action":"GetUpdates", "result":"DeleteReceived", "context":{"id":"2a4b0840-271b-4f31-a237-032eacf45e48", "isDeleted:":"true", "version":"1711057321163"}}
{"logTime": "0327/231451", "correlationVector":"h+Nm4mozBl6EITeIvfDB0j.178","action":"GetUpdates", "result":"DeleteReceived", "context":{"id":"bbb30b3f-52df-426b-ad07-6662aca15e40", "isDeleted:":"true", "version":"1711059070492"}}
{"logTime": "0327/231451", "correlationVector":"h+Nm4mozBl6EITeIvfDB0j.179","action":"GetUpdates", "result":"DeleteReceived", "context":{"id":"7b565da4-2b2e-4dfa-94ff-3207702ddb73", "isDeleted:":"true", "version":"1711059070493"}}
{"logTime": "0327/231451", "correlationVector":"h+Nm4mozBl6EITeIvfDB0j.180","action":"GetUpdates", "result":"DeleteReceived", "context":{"id":"f4f17f63-efda-43f0-9cd9-9cda5d052d75", "isDeleted:":"true", "version":"1711059070494"}}
{"logTime": "0327/231451", "correlationVector":"h+Nm4mozBl6EITeIvfDB0j.181","action":"GetUpdates", "result":"DeleteReceived", "context":{"id":"4e806f8c-fe29-41f8-9ab7-ee20b2657c83", "isDeleted:":"true", "version":"1711059070495"}}
{"logTime": "0327/231451", "correlationVector":"h+Nm4mozBl6EITeIvfDB0j.182","action":"GetUpdates", "result":"DeleteReceived", "context":{"id":"161c1988-68ac-4e64-9904-c839bf4c89c5", "isDeleted:":"true", "version":"1711059070497"}}
{"logTime": "0327/231451", "correlationVector":"h+Nm4mozBl6EITeIvfDB0j.183","action":"GetUpdates", "result":"DeleteReceived", "context":{"id":"d7792015-f630-4bc3-8bcc-e2f8ed6ae785", "isDeleted:":"true", "version":"1711059070498"}}
{"logTime": "0327/231451", "correlationVector":"h+Nm4mozBl6EITeIvfDB0j.184","action":"GetUpdates", "result":"DeleteReceived", "context":{"id":"d913a969-8743-47cb-b56a-bffbd7c357d4", "isDeleted:":"true", "version":"1711106878089"}}
{"logTime": "0327/231451", "correlationVector":"h+Nm4mozBl6EITeIvfDB0j.185","action":"GetUpdates", "result":"DeleteReceived", "context":{"id":"c1048f86-58d2-4190-9ce8-91d629b8de66", "isDeleted:":"true", "version":"1711106878090"}}
{"logTime": "0327/231451", "correlationVector":"h+Nm4mozBl6EITeIvfDB0j.186","action":"GetUpdates", "result":"DeleteReceived", "context":{"id":"a2ec8f65-c116-4bd3-b84b-c2472141c059", "isDeleted:":"true", "version":"1711106878092"}}
{"logTime": "0327/231451", "correlationVector":"h+Nm4mozBl6EITeIvfDB0j.187","action":"GetUpdates", "result":"DeleteReceived", "context":{"id":"5b8dc4bc-9413-4665-ba28-c615db147e9b", "isDeleted:":"true", "version":"1711132489624"}}
{"logTime": "0327/231451", "correlationVector":"h+Nm4mozBl6EITeIvfDB0j.188","action":"GetUpdates", "result":"DeleteReceived", "context":{"id":"c117eeb0-3ba3-4319-a360-24d40a1481aa", "isDeleted:":"true", "version":"1711133183392"}}
{"logTime": "0327/231451", "correlationVector":"h+Nm4mozBl6EITeIvfDB0j.189","action":"GetUpdates", "result":"DeleteReceived", "context":{"id":"1bfd79d8-c5a9-45b2-8bcc-e4ececf910dc", "isDeleted:":"true", "version":"1711148693423"}}
{"logTime": "0327/231451", "correlationVector":"h+Nm4mozBl6EITeIvfDB0j.190","action":"GetUpdates", "result":"DeleteReceived", "context":{"id":"0d4127ad-b9db-414e-af9f-cf8a61801796", "isDeleted:":"true", "version":"1711157506994"}}
{"logTime": "0327/231451", "correlationVector":"h+Nm4mozBl6EITeIvfDB0j.191","action":"GetUpdates", "result":"DeleteReceived", "context":{"id":"fcecdda4-5e9e-4103-90dc-a1fdd5dfd2fc", "isDeleted:":"true", "version":"1711158163731"}}
{"logTime": "0327/231451", "correlationVector":"h+Nm4mozBl6EITeIvfDB0j.192","action":"GetUpdates", "result":"DeleteReceived", "context":{"id":"d57f43b3-5fad-4353-9326-8ac73db288f6", "isDeleted:":"true", "version":"1711158232596"}}
{"logTime": "0327/231451", "correlationVector":"h+Nm4mozBl6EITeIvfDB0j.193","action":"GetUpdates", "result":"DeleteReceived", "context":{"id":"5b665567-86c5-4e7b-a509-635444181506", "isDeleted:":"true", "version":"1711158232600"}}
{"logTime": "0327/231451", "correlationVector":"h+Nm4mozBl6EITeIvfDB0j.194","action":"GetUpdates", "result":"DeleteReceived", "context":{"id":"d664ae9a-cb1b-400f-b394-cfe279d543a2", "isDeleted:":"true", "version":"1711158265851"}}
{"logTime": "0327/231451", "correlationVector":"h+Nm4mozBl6EITeIvfDB0j.195","action":"GetUpdates", "result":"DeleteReceived", "context":{"id":"33bbd5b9-dfe6-498b-a161-c6b8db404097", "isDeleted:":"true", "version":"1711158630180"}}
{"logTime": "0327/231451", "correlationVector":"h+Nm4mozBl6EITeIvfDB0j.196","action":"GetUpdates", "result":"DeleteReceived", "context":{"id":"12269b47-5da0-4946-bc58-dc339fc43573", "isDeleted:":"true", "version":"1711158871076"}}
{"logTime": "0327/231451", "correlationVector":"h+Nm4mozBl6EITeIvfDB0j.197","action":"GetUpdates", "result":"DeleteReceived", "context":{"id":"b34240da-6cd2-41be-a9e8-8e94a6a34882", "isDeleted:":"true", "version":"1711158911275"}}
{"logTime": "0327/231451", "correlationVector":"h+Nm4mozBl6EITeIvfDB0j.198","action":"GetUpdates", "result":"DeleteReceived", "context":{"id":"28d8268a-7ac8-4a5a-bd94-61657e7ef10f", "isDeleted:":"true", "version":"1711158911276"}}
{"logTime": "0327/231451", "correlationVector":"h+Nm4mozBl6EITeIvfDB0j.199","action":"GetUpdates", "result":"DeleteReceived", "context":{"id":"3e3dd063-567e-478b-abf3-592a5bf78924", "isDeleted:":"true", "version":"1711158911277"}}
{"logTime": "0327/231451", "correlationVector":"h+Nm4mozBl6EITeIvfDB0j.200","action":"GetUpdates", "result":"DeleteReceived", "context":{"id":"c10ad118-6e1c-4e43-9c90-4607ca41974b", "isDeleted:":"true", "version":"1711158911279"}}
{"logTime": "0327/231451", "correlationVector":"h+Nm4mozBl6EITeIvfDB0j.201","action":"GetUpdates", "result":"DeleteReceived", "context":{"id":"029e9b8e-2a06-47d7-b87a-c456e5454b2a", "isDeleted:":"true", "version":"1711159531345"}}
{"logTime": "0327/231451", "correlationVector":"h+Nm4mozBl6EITeIvfDB0j.202","action":"GetUpdates", "result":"DeleteReceived", "context":{"id":"b4507598-54ee-465a-8a15-1f208299ea8b", "isDeleted:":"true", "version":"1711159690447"}}
{"logTime": "0327/231451", "correlationVector":"h+Nm4mozBl6EITeIvfDB0j.203","action":"GetUpdates", "result":"DeleteReceived", "context":{"id":"998e5c7b-55cb-49cb-a3b6-0a1eb163694d", "isDeleted:":"true", "version":"1711159690448"}}
{"logTime": "0327/231451", "correlationVector":"h+Nm4mozBl6EITeIvfDB0j.204","action":"GetUpdates", "result":"DeleteReceived", "context":{"id":"dffe3e74-7e9f-408d-b75e-03c8cb05a207", "isDeleted:":"true", "version":"1711161015124"}}
{"logTime": "0327/231451", "correlationVector":"h+Nm4mozBl6EITeIvfDB0j.205","action":"GetUpdates", "result":"DeleteReceived", "context":{"id":"d72c03bf-7d10-4b90-99d4-e895071b12c8", "isDeleted:":"true", "version":"1711161991558"}}
{"logTime": "0327/231451", "correlationVector":"h+Nm4mozBl6EITeIvfDB0j.206","action":"GetUpdates", "result":"DeleteReceived", "context":{"id":"b3093d50-ce41-4448-9221-7a265fb282f8", "isDeleted:":"true", "version":"1711161991559"}}
{"logTime": "0327/231451", "correlationVector":"h+Nm4mozBl6EITeIvfDB0j.207","action":"GetUpdates", "result":"DeleteReceived", "context":{"id":"bfd1fff9-efbf-4e9d-83a7-b010cbcfc4fc", "isDeleted:":"true", "version":"1711161991560"}}
{"logTime": "0327/231451", "correlationVector":"h+Nm4mozBl6EITeIvfDB0j.208","action":"GetUpdates", "result":"DeleteReceived", "context":{"id":"c60d697c-faaf-4f15-976a-45763e0b6c0e", "isDeleted:":"true", "version":"1711194165437"}}
{"logTime": "0327/231451", "correlationVector":"h+Nm4mozBl6EITeIvfDB0j.209","action":"GetUpdates", "result":"DeleteReceived", "context":{"id":"e372d3dd-9469-4a6c-8d81-3f2a573b6822", "isDeleted:":"true", "version":"1711194261067"}}
{"logTime": "0327/231451", "correlationVector":"h+Nm4mozBl6EITeIvfDB0j.210","action":"GetUpdates", "result":"DeleteReceived", "context":{"id":"ec0ab5e3-aaea-4886-a950-a40fa05f6e9f", "isDeleted:":"true", "version":"1711195049265"}}
{"logTime": "0327/231451", "correlationVector":"h+Nm4mozBl6EITeIvfDB0j.211","action":"GetUpdates", "result":"DeleteReceived", "context":{"id":"bba6286d-e46f-43d5-a271-cfe78ff501a2", "isDeleted:":"true", "version":"1711195991345"}}
{"logTime": "0327/231451", "correlationVector":"h+Nm4mozBl6EITeIvfDB0j.212","action":"GetUpdates", "result":"DeleteReceived", "context":{"id":"8fddcc3c-a9cc-4b3d-8f80-054af25e6642", "isDeleted:":"true", "version":"1711197928259"}}
{"logTime": "0327/231451", "correlationVector":"h+Nm4mozBl6EITeIvfDB0j.213","action":"GetUpdates", "result":"DeleteReceived", "context":{"id":"f20273d1-a851-489a-8143-8d3af95b9911", "isDeleted:":"true", "version":"1711198283872"}}
{"logTime": "0327/231451", "correlationVector":"h+Nm4mozBl6EITeIvfDB0j.214","action":"GetUpdates", "result":"DeleteReceived", "context":{"id":"bc88ffc3-9d33-48b9-bc95-d81a1e1d1f8c", "isDeleted:":"true", "version":"1711198573084"}}
{"logTime": "0327/231451", "correlationVector":"h+Nm4mozBl6EITeIvfDB0j.215","action":"GetUpdates", "result":"DeleteReceived", "context":{"id":"f2deb8d9-ae96-464a-9eda-93a12aafaffa", "isDeleted:":"true", "version":"1711198783777"}}
{"logTime": "0327/231451", "correlationVector":"h+Nm4mozBl6EITeIvfDB0j.216","action":"GetUpdates", "result":"DeleteReceived", "context":{"id":"bf852ddf-22dd-4197-9137-4d3384a5b93e", "isDeleted:":"true", "version":"1711199297999"}}
{"logTime": "0327/231451", "correlationVector":"h+Nm4mozBl6EITeIvfDB0j.217","action":"GetUpdates", "result":"DeleteReceived", "context":{"id":"c79df05c-1e47-4ed4-be50-53ee3bad50f1", "isDeleted:":"true", "version":"1711212118045"}}
{"logTime": "0327/231451", "correlationVector":"h+Nm4mozBl6EITeIvfDB0j.218","action":"GetUpdates", "result":"DeleteReceived", "context":{"id":"73c05f2b-3629-485c-a716-c0ab81f87f05", "isDeleted:":"true", "version":"1711212118046"}}
{"logTime": "0327/231451", "correlationVector":"h+Nm4mozBl6EITeIvfDB0j.219","action":"GetUpdates", "result":"DeleteReceived", "context":{"id":"ba33a1e2-8483-457c-bab0-2af1b5513238", "isDeleted:":"true", "version":"1711212118047"}}
{"logTime": "0327/231451", "correlationVector":"h+Nm4mozBl6EITeIvfDB0j.220","action":"GetUpdates", "result":"DeleteReceived", "context":{"id":"82bfe4e1-d57e-4fef-b86c-9385bccb9313", "isDeleted:":"true", "version":"1711212118050"}}
{"logTime": "0327/231451", "correlationVector":"h+Nm4mozBl6EITeIvfDB0j.221","action":"GetUpdates", "result":"DeleteReceived", "context":{"id":"18dc881e-bc37-4eb8-8de4-700a22c15f65", "isDeleted:":"true", "version":"1711212118051"}}
{"logTime": "0327/231451", "correlationVector":"h+Nm4mozBl6EITeIvfDB0j.222","action":"GetUpdates", "result":"DeleteReceived", "context":{"id":"aad423f4-4f8c-402c-91cf-05999b0468cb", "isDeleted:":"true", "version":"1711212148607"}}
{"logTime": "0327/231451", "correlationVector":"h+Nm4mozBl6EITeIvfDB0j.223","action":"GetUpdates", "result":"DeleteReceived", "context":{"id":"d4bed335-2c90-448f-9de1-57de13e2772f", "isDeleted:":"true", "version":"1711216205118"}}
{"logTime": "0327/231451", "correlationVector":"h+Nm4mozBl6EITeIvfDB0j.224","action":"GetUpdates", "result":"DeleteReceived", "context":{"id":"23296715-b05d-43a3-b426-8c0c67f6e7dc", "isDeleted:":"true", "version":"1711216205119"}}
{"logTime": "0327/231451", "correlationVector":"h+Nm4mozBl6EITeIvfDB0j.225","action":"GetUpdates", "result":"DeleteReceived", "context":{"id":"8f23a6a3-8f4a-46d0-a24e-97f19e30a3d5", "isDeleted:":"true", "version":"1711216205120"}}
{"logTime": "0327/231451", "correlationVector":"h+Nm4mozBl6EITeIvfDB0j.226","action":"GetUpdates", "result":"DeleteReceived", "context":{"id":"2f25275b-62f1-4bd8-b466-a4f71a4fdbe5", "isDeleted:":"true", "version":"1711216205122"}}
{"logTime": "0327/231451", "correlationVector":"h+Nm4mozBl6EITeIvfDB0j.227","action":"GetUpdates", "result":"DeleteReceived", "context":{"id":"1a60682f-78e9-4c4e-86f1-0d55fdf26e88", "isDeleted:":"true", "version":"1711216274341"}}
{"logTime": "0327/231451", "correlationVector":"h+Nm4mozBl6EITeIvfDB0j.228","action":"GetUpdates", "result":"DeleteReceived", "context":{"id":"a7396c5b-e96a-4ead-9f00-7d2568529ab9", "isDeleted:":"true", "version":"1711216394430"}}
{"logTime": "0327/231451", "correlationVector":"h+Nm4mozBl6EITeIvfDB0j.229","action":"GetUpdates", "result":"DeleteReceived", "context":{"id":"8628bab5-b2e7-44a1-9943-aa2d7c58006e", "isDeleted:":"true", "version":"1711216519517"}}
{"logTime": "0327/231451", "correlationVector":"h+Nm4mozBl6EITeIvfDB0j.230","action":"GetUpdates", "result":"DeleteReceived", "context":{"id":"e062b12b-5303-4df6-b7be-87d98523424a", "isDeleted:":"true", "version":"1711218558622"}}
{"logTime": "0327/231451", "correlationVector":"h+Nm4mozBl6EITeIvfDB0j.231","action":"GetUpdates", "result":"DeleteReceived", "context":{"id":"79a471bf-70c8-41a4-a21b-0a6e4c41af31", "isDeleted:":"true", "version":"1711220629427"}}
{"logTime": "0327/231451", "correlationVector":"h+Nm4mozBl6EITeIvfDB0j.232","action":"GetUpdates", "result":"DeleteReceived", "context":{"id":"02af463b-a6d7-4694-8666-e122d3054c26", "isDeleted:":"true", "version":"1711220711263"}}
{"logTime": "0327/231451", "correlationVector":"h+Nm4mozBl6EITeIvfDB0j.233","action":"GetUpdates", "result":"DeleteReceived", "context":{"id":"7c7bd728-00de-4a09-918d-e85ce8ed1f93", "isDeleted:":"true", "version":"1711221372868"}}
{"logTime": "0327/231451", "correlationVector":"h+Nm4mozBl6EITeIvfDB0j.234","action":"GetUpdates", "result":"DeleteReceived", "context":{"id":"2d93bf1c-74c7-4c37-a108-08f2d764494d", "isDeleted:":"true", "version":"1711221574657"}}
{"logTime": "0327/231451", "correlationVector":"h+Nm4mozBl6EITeIvfDB0j.235","action":"GetUpdates", "result":"DeleteReceived", "context":{"id":"c66b55b0-8f60-4161-b17e-3d74f150b39b", "isDeleted:":"true", "version":"1711222961520"}}
{"logTime": "0327/231451", "correlationVector":"h+Nm4mozBl6EITeIvfDB0j.236","action":"GetUpdates Response", "result":"SERVER_MORE_TO_DOWNLOAD", "context":Received 250 update(s).  Some updates remain.}
{"logTime": "0327/231451", "correlationVector":"lE9+ae4/5Yuy1ZASFwXsL5","action":"Initial GetUpdates", "result":"", "context":Reason: RECONFIGURATION. cV=lE9+ae4/5Yuy1ZASFwXsL5}
{"logTime": "0327/231451", "correlationVector":"lE9+ae4/5Yuy1ZASFwXsL5.1","action":"SyncServerConnectionManagerRequest", "result":"SYNC_SERVER_OK", "context":{"environment":"Prod_WestEurope_x00e", "migrationStage":"NotStarted", "server":"GENERAL01000004"}}
{"logTime": "0327/231451", "correlationVector":"lE9+ae4/5Yuy1ZASFwXsL5.2","action":"GetUpdates", "result":"DeleteReceived", "context":{"id":"aadf25d0-760e-4d5f-b625-4bdfd3505548", "isDeleted:":"true", "version":"1711223226747"}}
{"logTime": "0327/231451", "correlationVector":"lE9+ae4/5Yuy1ZASFwXsL5.3","action":"GetUpdates", "result":"DeleteReceived", "context":{"id":"8550309d-8788-4805-ac23-0eef317503dd", "isDeleted:":"true", "version":"1711233100591"}}
{"logTime": "0327/231451", "correlationVector":"lE9+ae4/5Yuy1ZASFwXsL5.4","action":"GetUpdates", "result":"DeleteReceived", "context":{"id":"dfc695e1-d774-411c-9a99-b4af2730caaf", "isDeleted:":"true", "version":"1711236794547"}}
{"logTime": "0327/231451", "correlationVector":"lE9+ae4/5Yuy1ZASFwXsL5.5","action":"GetUpdates", "result":"DeleteReceived", "context":{"id":"5f7a093b-e360-43c6-8561-9f80e794c40d", "isDeleted:":"true", "version":"1711236801475"}}
{"logTime": "0327/231451", "correlationVector":"lE9+ae4/5Yuy1ZASFwXsL5.6","action":"GetUpdates", "result":"DeleteReceived", "context":{"id":"74cd8779-13e5-4854-a766-93a244404b05", "isDeleted:":"true", "version":"1711238449125"}}
{"logTime": "0327/231451", "correlationVector":"lE9+ae4/5Yuy1ZASFwXsL5.7","action":"GetUpdates", "result":"DeleteReceived", "context":{"id":"0c4165f9-2519-40b5-aa9e-f8f33de19f54", "isDeleted:":"true", "version":"1711238449126"}}
{"logTime": "0327/231451", "correlationVector":"lE9+ae4/5Yuy1ZASFwXsL5.8","action":"GetUpdates", "result":"DeleteReceived", "context":{"id":"346d7cde-216b-4c08-8cdf-7872f679fdf5", "isDeleted:":"true", "version":"1711238449128"}}
{"logTime": "0327/231451", "correlationVector":"lE9+ae4/5Yuy1ZASFwXsL5.9","action":"GetUpdates", "result":"DeleteReceived", "context":{"id":"78c3eda7-82d0-4921-b300-c8195f3d86a6", "isDeleted:":"true", "version":"1711238449130"}}
{"logTime": "0327/231451", "correlationVector":"lE9+ae4/5Yuy1ZASFwXsL5.10","action":"GetUpdates", "result":"DeleteReceived", "context":{"id":"852d4fd8-1ada-434f-a207-61687c12ba32", "isDeleted:":"true", "version":"1711262069640"}}
{"logTime": "0327/231451", "correlationVector":"lE9+ae4/5Yuy1ZASFwXsL5.11","action":"GetUpdates", "result":"DeleteReceived", "context":{"id":"b03869fe-d450-4754-b66a-5d1f8191850e", "isDeleted:":"true", "version":"1711262128197"}}
{"logTime": "0327/231451", "correlationVector":"lE9+ae4/5Yuy1ZASFwXsL5.12","action":"GetUpdates", "result":"DeleteReceived", "context":{"id":"60c97cf3-f4e3-4ba7-9afc-9fb5e87b5c95", "isDeleted:":"true", "version":"1711262128198"}}
{"logTime": "0327/231451", "correlationVector":"lE9+ae4/5Yuy1ZASFwXsL5.13","action":"GetUpdates", "result":"DeleteReceived", "context":{"id":"99bc9e29-e292-49f8-8a59-a2908a3d8000", "isDeleted:":"true", "version":"1711262128199"}}
{"logTime": "0327/231451", "correlationVector":"lE9+ae4/5Yuy1ZASFwXsL5.14","action":"GetUpdates", "result":"DeleteReceived", "context":{"id":"b75f596a-715a-4879-ab20-a3a6c4ad8afa", "isDeleted:":"true", "version":"1711262128200"}}
{"logTime": "0327/231451", "correlationVector":"lE9+ae4/5Yuy1ZASFwXsL5.15","action":"GetUpdates", "result":"DeleteReceived", "context":{"id":"f4174779-4fe8-4bd6-8d9e-75f012433063", "isDeleted:":"true", "version":"1711262128202"}}
{"logTime": "0327/231451", "correlationVector":"lE9+ae4/5Yuy1ZASFwXsL5.16","action":"GetUpdates", "result":"DeleteReceived", "context":{"id":"b39bb86f-2e56-426a-8fd1-d589d8061e8b", "isDeleted:":"true", "version":"1711262128203"}}
{"logTime": "0327/231451", "correlationVector":"lE9+ae4/5Yuy1ZASFwXsL5.17","action":"GetUpdates", "result":"DeleteReceived", "context":{"id":"37de01a8-57e0-4a49-9456-0819340415a3", "isDeleted:":"true", "version":"1711262128204"}}
{"logTime": "0327/231451", "correlationVector":"lE9+ae4/5Yuy1ZASFwXsL5.18","action":"GetUpdates", "result":"DeleteReceived", "context":{"id":"fcffc3fe-7c55-43a7-8789-b198b27c1404", "isDeleted:":"true", "version":"1711262285265"}}
{"logTime": "0327/231451", "correlationVector":"lE9+ae4/5Yuy1ZASFwXsL5.19","action":"GetUpdates", "result":"DeleteReceived", "context":{"id":"b8cea578-516b-4828-81ac-e62b74fe3cca", "isDeleted:":"true", "version":"1711262285266"}}
{"logTime": "0327/231451", "correlationVector":"lE9+ae4/5Yuy1ZASFwXsL5.20","action":"GetUpdates", "result":"DeleteReceived", "context":{"id":"4dd037f6-68c2-4055-88ba-a870a73e2fb2", "isDeleted:":"true", "version":"1711262285267"}}
{"logTime": "0327/231451", "correlationVector":"lE9+ae4/5Yuy1ZASFwXsL5.21","action":"GetUpdates", "result":"DeleteReceived", "context":{"id":"87faec82-27d7-4261-baf7-4156179aa0a3", "isDeleted:":"true", "version":"1711262285270"}}
{"logTime": "0327/231451", "correlationVector":"lE9+ae4/5Yuy1ZASFwXsL5.22","action":"GetUpdates", "result":"DeleteReceived", "context":{"id":"0ab367b5-8833-43e9-9b1c-b389fecba9f3", "isDeleted:":"true", "version":"1711262577218"}}
{"logTime": "0327/231451", "correlationVector":"lE9+ae4/5Yuy1ZASFwXsL5.23","action":"GetUpdates", "result":"DeleteReceived", "context":{"id":"95482c19-3489-4fe3-aa57-f85c72273aa2", "isDeleted:":"true", "version":"1711263149746"}}
{"logTime": "0327/231451", "correlationVector":"lE9+ae4/5Yuy1ZASFwXsL5.24","action":"GetUpdates", "result":"DeleteReceived", "context":{"id":"b8600610-fd9a-4e0b-84a7-ad5b0a31d72a", "isDeleted:":"true", "version":"1711263387678"}}
{"logTime": "0327/231451", "correlationVector":"lE9+ae4/5Yuy1ZASFwXsL5.25","action":"GetUpdates", "result":"DeleteReceived", "context":{"id":"8fb7ee1b-29b2-44ce-8a1a-1cf3b12b9317", "isDeleted:":"true", "version":"1711264631622"}}
{"logTime": "0327/231451", "correlationVector":"lE9+ae4/5Yuy1ZASFwXsL5.26","action":"GetUpdates", "result":"DeleteReceived", "context":{"id":"9c5fa785-31a7-4365-a1c4-08337558b6ec", "isDeleted:":"true", "version":"1711264745267"}}
{"logTime": "0327/231451", "correlationVector":"lE9+ae4/5Yuy1ZASFwXsL5.27","action":"GetUpdates", "result":"DeleteReceived", "context":{"id":"d5b77501-31fc-4fd4-8548-9c30e14aed48", "isDeleted:":"true", "version":"1711267103337"}}
{"logTime": "0327/231451", "correlationVector":"lE9+ae4/5Yuy1ZASFwXsL5.28","action":"GetUpdates", "result":"DeleteReceived", "context":{"id":"339cd777-4553-4494-be1b-2148dc21a94d", "isDeleted:":"true", "version":"1711267103338"}}
{"logTime": "0327/231451", "correlationVector":"lE9+ae4/5Yuy1ZASFwXsL5.29","action":"GetUpdates", "result":"DeleteReceived", "context":{"id":"00181eac-6009-4243-8a63-6cccf8b738d5", "isDeleted:":"true", "version":"1711267892801"}}
{"logTime": "0327/231451", "correlationVector":"lE9+ae4/5Yuy1ZASFwXsL5.30","action":"GetUpdates", "result":"DeleteReceived", "context":{"id":"01e1e6b4-0125-4d23-9c62-fa58e88ac467", "isDeleted:":"true", "version":"1711268006353"}}
{"logTime": "0327/231451", "correlationVector":"lE9+ae4/5Yuy1ZASFwXsL5.31","action":"GetUpdates", "result":"DeleteReceived", "context":{"id":"d0c944bd-0a45-4e40-ac6d-0985b7fca2da", "isDeleted:":"true", "version":"1711268735794"}}
{"logTime": "0327/231451", "correlationVector":"lE9+ae4/5Yuy1ZASFwXsL5.32","action":"GetUpdates", "result":"DeleteReceived", "context":{"id":"99affb7f-656d-4fb3-9173-ea42345bffec", "isDeleted:":"true", "version":"1711278998025"}}
{"logTime": "0327/231451", "correlationVector":"lE9+ae4/5Yuy1ZASFwXsL5.33","action":"GetUpdates", "result":"DeleteReceived", "context":{"id":"5c76df5d-004b-4aa7-95a6-aa769139c4db", "isDeleted:":"true", "version":"1711280464623"}}
{"logTime": "0327/231451", "correlationVector":"lE9+ae4/5Yuy1ZASFwXsL5.34","action":"GetUpdates", "result":"DeleteReceived", "context":{"id":"c238d129-2ce9-4e41-9abe-1d6157d91bf6", "isDeleted:":"true", "version":"1711282286118"}}
{"logTime": "0327/231451", "correlationVector":"lE9+ae4/5Yuy1ZASFwXsL5.35","action":"GetUpdates", "result":"DeleteReceived", "context":{"id":"863f60a3-d2ee-4f0f-9404-a3dfdd494b3a", "isDeleted:":"true", "version":"1711282286119"}}
{"logTime": "0327/231451", "correlationVector":"lE9+ae4/5Yuy1ZASFwXsL5.36","action":"GetUpdates", "result":"DeleteReceived", "context":{"id":"29514ef0-091a-4752-9d74-5b003e6098b6", "isDeleted:":"true", "version":"1711282316904"}}
{"logTime": "0327/231451", "correlationVector":"lE9+ae4/5Yuy1ZASFwXsL5.37","action":"GetUpdates", "result":"DeleteReceived", "context":{"id":"95606b93-51ca-4ee0-8801-ae2e1a129f98", "isDeleted:":"true", "version":"1711282316909"}}
{"logTime": "0327/231451", "correlationVector":"lE9+ae4/5Yuy1ZASFwXsL5.38","action":"GetUpdates", "result":"DeleteReceived", "context":{"id":"afcd67e1-f112-4a29-9bba-639b4632c3d2", "isDeleted:":"true", "version":"1711356582390"}}
{"logTime": "0327/231451", "correlationVector":"lE9+ae4/5Yuy1ZASFwXsL5.39","action":"GetUpdates", "result":"DeleteReceived", "context":{"id":"84222447-ce92-4b82-8ad6-046c0b1d9f47", "isDeleted:":"true", "version":"1711356582391"}}
{"logTime": "0327/231451", "correlationVector":"lE9+ae4/5Yuy1ZASFwXsL5.40","action":"GetUpdates", "result":"DeleteReceived", "context":{"id":"00adcd74-2c99-413f-91e9-42228c2df84f", "isDeleted:":"true", "version":"1711356582392"}}
{"logTime": "0327/231451", "correlationVector":"lE9+ae4/5Yuy1ZASFwXsL5.41","action":"GetUpdates", "result":"DeleteReceived", "context":{"id":"41474634-f4c1-4d2c-b654-e25ec0682da6", "isDeleted:":"true", "version":"1711356582393"}}
{"logTime": "0327/231451", "correlationVector":"lE9+ae4/5Yuy1ZASFwXsL5.42","action":"GetUpdates", "result":"DeleteReceived", "context":{"id":"11df4e6f-8b40-4f67-aea9-38f908ef4ba9", "isDeleted:":"true", "version":"1711356582395"}}
{"logTime": "0327/231451", "correlationVector":"lE9+ae4/5Yuy1ZASFwXsL5.43","action":"GetUpdates", "result":"DeleteReceived", "context":{"id":"eaeabff4-0bd8-4e47-b26f-449ded124120", "isDeleted:":"true", "version":"1711356582396"}}
{"logTime": "0327/231451", "correlationVector":"lE9+ae4/5Yuy1ZASFwXsL5.44","action":"GetUpdates", "result":"DeleteReceived", "context":{"id":"a969cfb7-c7bd-4cb2-be91-67d149edabea", "isDeleted:":"true", "version":"1711356582397"}}
{"logTime": "0327/231451", "correlationVector":"lE9+ae4/5Yuy1ZASFwXsL5.45","action":"GetUpdates", "result":"DeleteReceived", "context":{"id":"7f80ea6d-670a-4310-9870-8e946cb3919f", "isDeleted:":"true", "version":"1711356582398"}}
{"logTime": "0327/231451", "correlationVector":"lE9+ae4/5Yuy1ZASFwXsL5.46","action":"GetUpdates", "result":"DeleteReceived", "context":{"id":"74172fd2-e657-4927-bf5d-83ba925ec63d", "isDeleted:":"true", "version":"1711356741000"}}
{"logTime": "0327/231451", "correlationVector":"lE9+ae4/5Yuy1ZASFwXsL5.47","action":"GetUpdates", "result":"DeleteReceived", "context":{"id":"7a376c85-bd82-4a8b-8f2a-d9693f3012db", "isDeleted:":"true", "version":"1711357516500"}}
{"logTime": "0327/231451", "correlationVector":"lE9+ae4/5Yuy1ZASFwXsL5.48","action":"GetUpdates", "result":"DeleteReceived", "context":{"id":"4daf5fe5-6bf0-4e52-a82d-ee568e7e4a44", "isDeleted:":"true", "version":"1711357714994"}}
{"logTime": "0327/231451", "correlationVector":"lE9+ae4/5Yuy1ZASFwXsL5.49","action":"GetUpdates", "result":"DeleteReceived", "context":{"id":"d1f0fd4c-896d-48cf-8e03-8091ecd28f38", "isDeleted:":"true", "version":"1711366290806"}}
{"logTime": "0327/231451", "correlationVector":"lE9+ae4/5Yuy1ZASFwXsL5.50","action":"GetUpdates", "result":"DeleteReceived", "context":{"id":"98730f45-be7e-4b2b-aeb3-29c39122d76b", "isDeleted:":"true", "version":"1711366329164"}}
{"logTime": "0327/231451", "correlationVector":"lE9+ae4/5Yuy1ZASFwXsL5.51","action":"GetUpdates", "result":"DeleteReceived", "context":{"id":"b6e87768-ed62-49b3-8b12-85de6729ab39", "isDeleted:":"true", "version":"1711366571921"}}
{"logTime": "0327/231451", "correlationVector":"lE9+ae4/5Yuy1ZASFwXsL5.52","action":"GetUpdates", "result":"DeleteReceived", "context":{"id":"bbe2e1c8-578a-4929-98a3-a66d8a3a5071", "isDeleted:":"true", "version":"1711366610623"}}
{"logTime": "0327/231451", "correlationVector":"lE9+ae4/5Yuy1ZASFwXsL5.53","action":"GetUpdates", "result":"DeleteReceived", "context":{"id":"4fd37660-7a77-4282-8d6e-78be0c9322ee", "isDeleted:":"true", "version":"1711366674650"}}
{"logTime": "0327/231451", "correlationVector":"lE9+ae4/5Yuy1ZASFwXsL5.54","action":"GetUpdates", "result":"DeleteReceived", "context":{"id":"9f51a8d0-6511-49f7-bf53-bea24e53979f", "isDeleted:":"true", "version":"1711366674655"}}
{"logTime": "0327/231451", "correlationVector":"lE9+ae4/5Yuy1ZASFwXsL5.55","action":"GetUpdates", "result":"DeleteReceived", "context":{"id":"0a7062f8-51b4-4fa4-928d-8f6197807b05", "isDeleted:":"true", "version":"1711366865418"}}
{"logTime": "0327/231451", "correlationVector":"lE9+ae4/5Yuy1ZASFwXsL5.56","action":"GetUpdates", "result":"DeleteReceived", "context":{"id":"a6b97288-b11f-4c7a-8959-a43e1a5ae57b", "isDeleted:":"true", "version":"1711366944431"}}
{"logTime": "0327/231451", "correlationVector":"lE9+ae4/5Yuy1ZASFwXsL5.57","action":"GetUpdates", "result":"DeleteReceived", "context":{"id":"73f2bf3d-9a9c-4de4-8e01-711e6cb6535b", "isDeleted:":"true", "version":"1711367399765"}}
{"logTime": "0327/231451", "correlationVector":"lE9+ae4/5Yuy1ZASFwXsL5.58","action":"GetUpdates", "result":"DeleteReceived", "context":{"id":"96114382-67a0-4ce9-9a8a-6c983d97e0e9", "isDeleted:":"true", "version":"1711367636441"}}
{"logTime": "0327/231451", "correlationVector":"lE9+ae4/5Yuy1ZASFwXsL5.59","action":"GetUpdates", "result":"DeleteReceived", "context":{"id":"9a787ec5-c6e0-4661-abcd-c3f2f23e9e17", "isDeleted:":"true", "version":"1711367675449"}}
{"logTime": "0327/231451", "correlationVector":"lE9+ae4/5Yuy1ZASFwXsL5.60","action":"GetUpdates", "result":"DeleteReceived", "context":{"id":"9868dd3e-809f-4f7d-b7d3-8f30e1798e83", "isDeleted:":"true", "version":"1711367675451"}}
{"logTime": "0327/231451", "correlationVector":"lE9+ae4/5Yuy1ZASFwXsL5.61","action":"GetUpdates", "result":"DeleteReceived", "context":{"id":"bde0bc67-173e-4876-b6fe-01bcdf3b300f", "isDeleted:":"true", "version":"1711367787300"}}
{"logTime": "0327/231451", "correlationVector":"lE9+ae4/5Yuy1ZASFwXsL5.62","action":"GetUpdates", "result":"DeleteReceived", "context":{"id":"9b38dacf-b7e6-4970-a16e-8dea480fde9d", "isDeleted:":"true", "version":"1711367787303"}}
{"logTime": "0327/231451", "correlationVector":"lE9+ae4/5Yuy1ZASFwXsL5.63","action":"GetUpdates", "result":"DeleteReceived", "context":{"id":"942a0990-be3c-43e0-99db-3076ab8ca12d", "isDeleted:":"true", "version":"1711367787304"}}
{"logTime": "0327/231451", "correlationVector":"lE9+ae4/5Yuy1ZASFwXsL5.64","action":"GetUpdates", "result":"DeleteReceived", "context":{"id":"c3a84e28-82f3-469e-820c-ae54c5c82d1a", "isDeleted:":"true", "version":"1711367787305"}}
{"logTime": "0327/231451", "correlationVector":"lE9+ae4/5Yuy1ZASFwXsL5.65","action":"GetUpdates", "result":"DeleteReceived", "context":{"id":"e87b9844-eb7a-4750-8c59-4e665474ed47", "isDeleted:":"true", "version":"1711367787306"}}
{"logTime": "0327/231451", "correlationVector":"lE9+ae4/5Yuy1ZASFwXsL5.66","action":"GetUpdates", "result":"DeleteReceived", "context":{"id":"9f51bcaf-0901-43f5-a2c7-d3a8869be81b", "isDeleted:":"true", "version":"1711367787308"}}
{"logTime": "0327/231451", "correlationVector":"lE9+ae4/5Yuy1ZASFwXsL5.67","action":"GetUpdates", "result":"DeleteReceived", "context":{"id":"ed9bd09c-2add-4834-ab75-448288fbc39f", "isDeleted:":"true", "version":"1711367787309"}}
{"logTime": "0327/231451", "correlationVector":"lE9+ae4/5Yuy1ZASFwXsL5.68","action":"GetUpdates", "result":"DeleteReceived", "context":{"id":"9a60f2b0-c21e-4364-801e-0a16ffa88444", "isDeleted:":"true", "version":"1711368115658"}}
{"logTime": "0327/231451", "correlationVector":"lE9+ae4/5Yuy1ZASFwXsL5.69","action":"GetUpdates", "result":"DeleteReceived", "context":{"id":"b36095ed-3a1f-4025-adae-97ed3c134ec2", "isDeleted:":"true", "version":"1711368179907"}}
{"logTime": "0327/231451", "correlationVector":"lE9+ae4/5Yuy1ZASFwXsL5.70","action":"GetUpdates", "result":"DeleteReceived", "context":{"id":"4126724c-5af2-42be-8ff8-3f8a6c166d88", "isDeleted:":"true", "version":"1711368179908"}}
{"logTime": "0327/231451", "correlationVector":"lE9+ae4/5Yuy1ZASFwXsL5.71","action":"GetUpdates", "result":"DeleteReceived", "context":{"id":"419c279d-ab7b-445d-82bc-f4fac471d9c5", "isDeleted:":"true", "version":"1711390424206"}}
{"logTime": "0327/231451", "correlationVector":"lE9+ae4/5Yuy1ZASFwXsL5.72","action":"GetUpdates", "result":"DeleteReceived", "context":{"id":"fcd9c66e-f011-4b13-a4a4-387d08c0c663", "isDeleted:":"true", "version":"1711435046572"}}
{"logTime": "0327/231451", "correlationVector":"lE9+ae4/5Yuy1ZASFwXsL5.73","action":"GetUpdates", "result":"DeleteReceived", "context":{"id":"c0114d47-72d5-4e33-9fcd-b2dff712d3f4", "isDeleted:":"true", "version":"1711435046573"}}
{"logTime": "0327/231451", "correlationVector":"lE9+ae4/5Yuy1ZASFwXsL5.74","action":"GetUpdates", "result":"DeleteReceived", "context":{"id":"e52d22d7-62af-41a6-b41b-cd22cd3406d0", "isDeleted:":"true", "version":"1711435046574"}}
{"logTime": "0327/231451", "correlationVector":"lE9+ae4/5Yuy1ZASFwXsL5.75","action":"GetUpdates", "result":"DeleteReceived", "context":{"id":"5d9d040a-6c07-4222-abb6-fda965fc58b0", "isDeleted:":"true", "version":"1711435046575"}}
{"logTime": "0327/231451", "correlationVector":"lE9+ae4/5Yuy1ZASFwXsL5.76","action":"GetUpdates", "result":"DeleteReceived", "context":{"id":"bf0ded9e-232f-4b40-bd3e-edd9489b2879", "isDeleted:":"true", "version":"1711435046576"}}
{"logTime": "0327/231451", "correlationVector":"lE9+ae4/5Yuy1ZASFwXsL5.77","action":"GetUpdates", "result":"DeleteReceived", "context":{"id":"c4f6055a-3b22-45ad-a1c6-dbe857e7e10d", "isDeleted:":"true", "version":"1711435046578"}}
{"logTime": "0327/231451", "correlationVector":"lE9+ae4/5Yuy1ZASFwXsL5.78","action":"GetUpdates", "result":"DeleteReceived", "context":{"id":"1051b966-7037-440a-ad30-0f613158d748", "isDeleted:":"true", "version":"1711435046579"}}
{"logTime": "0327/231451", "correlationVector":"lE9+ae4/5Yuy1ZASFwXsL5.79","action":"GetUpdates", "result":"DeleteReceived", "context":{"id":"0294e17a-7703-4c38-a213-9cfe9c99ba58", "isDeleted:":"true", "version":"1711435046580"}}
{"logTime": "0327/231451", "correlationVector":"lE9+ae4/5Yuy1ZASFwXsL5.80","action":"GetUpdates", "result":"DeleteReceived", "context":{"id":"c544001a-db77-4bc4-8f08-a62693d8680a", "isDeleted:":"true", "version":"1711435046581"}}
{"logTime": "0327/231451", "correlationVector":"lE9+ae4/5Yuy1ZASFwXsL5.81","action":"GetUpdates", "result":"DeleteReceived", "context":{"id":"e86939e0-3341-4177-bf14-e91ddf9d8766", "isDeleted:":"true", "version":"1711435046582"}}
{"logTime": "0327/231451", "correlationVector":"lE9+ae4/5Yuy1ZASFwXsL5.82","action":"GetUpdates", "result":"DeleteReceived", "context":{"id":"c61a2705-78e1-4356-81e6-97d638781622", "isDeleted:":"true", "version":"1711435387662"}}
{"logTime": "0327/231451", "correlationVector":"lE9+ae4/5Yuy1ZASFwXsL5.83","action":"GetUpdates", "result":"DeleteReceived", "context":{"id":"a6a00c5f-74e1-44bd-b8fc-3bd9b4f71b41", "isDeleted:":"true", "version":"1711435387664"}}
{"logTime": "0327/231451", "correlationVector":"lE9+ae4/5Yuy1ZASFwXsL5.84","action":"GetUpdates", "result":"DeleteReceived", "context":{"id":"a5321ae7-6add-4392-8cb2-c18fc6cf937d", "isDeleted:":"true", "version":"1711436873183"}}
{"logTime": "0327/231451", "correlationVector":"lE9+ae4/5Yuy1ZASFwXsL5.85","action":"GetUpdates", "result":"DeleteReceived", "context":{"id":"e6d5ecf5-1687-4e65-8a2a-2df2bd7f583f", "isDeleted:":"true", "version":"1711445081001"}}
{"logTime": "0327/231451", "correlationVector":"lE9+ae4/5Yuy1ZASFwXsL5.86","action":"GetUpdates", "result":"DeleteReceived", "context":{"id":"689967eb-02aa-4a56-a983-57a143dc468f", "isDeleted:":"true", "version":"1711445112207"}}
{"logTime": "0327/231451", "correlationVector":"lE9+ae4/5Yuy1ZASFwXsL5.87","action":"GetUpdates", "result":"DeleteReceived", "context":{"id":"0120d716-9708-40fa-b3f1-b90e63f3bdbb", "isDeleted:":"true", "version":"1711445943650"}}
{"logTime": "0327/231451", "correlationVector":"lE9+ae4/5Yuy1ZASFwXsL5.88","action":"GetUpdates", "result":"DeleteReceived", "context":{"id":"d3a40ad2-7e14-4ad0-8cc8-d25e28a4429d", "isDeleted:":"true", "version":"1711447715712"}}
{"logTime": "0327/231451", "correlationVector":"lE9+ae4/5Yuy1ZASFwXsL5.89","action":"GetUpdates", "result":"DeleteReceived", "context":{"id":"92077211-f5d4-4604-9b44-ca09f9e738b6", "isDeleted:":"true", "version":"1711450239109"}}
{"logTime": "0327/231451", "correlationVector":"lE9+ae4/5Yuy1ZASFwXsL5.90","action":"GetUpdates", "result":"DeleteReceived", "context":{"id":"c52ec947-a4d4-4b7f-a66c-cbdea926eb4e", "isDeleted:":"true", "version":"1711450582794"}}
{"logTime": "0327/231451", "correlationVector":"lE9+ae4/5Yuy1ZASFwXsL5.91","action":"GetUpdates", "result":"DeleteReceived", "context":{"id":"e2035620-e0ec-45c0-8337-cc07e8a89453", "isDeleted:":"true", "version":"1711450619794"}}
{"logTime": "0327/231451", "correlationVector":"lE9+ae4/5Yuy1ZASFwXsL5.92","action":"GetUpdates", "result":"DeleteReceived", "context":{"id":"90856a3f-8fd9-451a-80cf-791e8eb7819a", "isDeleted:":"true", "version":"1711453505597"}}
{"logTime": "0327/231451", "correlationVector":"lE9+ae4/5Yuy1ZASFwXsL5.93","action":"GetUpdates", "result":"DeleteReceived", "context":{"id":"6fd71e51-f4c2-49a4-82b4-eb5ae963f362", "isDeleted:":"true", "version":"1711499163470"}}
{"logTime": "0327/231451", "correlationVector":"lE9+ae4/5Yuy1ZASFwXsL5.94","action":"GetUpdates", "result":"DeleteReceived", "context":{"id":"9e3fde89-6022-4628-88d3-f81ff404c904", "isDeleted:":"true", "version":"1711521593754"}}
{"logTime": "0327/231451", "correlationVector":"lE9+ae4/5Yuy1ZASFwXsL5.95","action":"GetUpdates", "result":"DeleteReceived", "context":{"id":"b81782f1-9e66-404b-b800-968d7057b28d", "isDeleted:":"true", "version":"1711521703154"}}
{"logTime": "0327/231451", "correlationVector":"lE9+ae4/5Yuy1ZASFwXsL5.96","action":"GetUpdates", "result":"DeleteReceived", "context":{"id":"a3bb2cb5-ed92-42b4-b4ff-d3ad36a139fe", "isDeleted:":"true", "version":"1711521755580"}}
{"logTime": "0327/231451", "correlationVector":"lE9+ae4/5Yuy1ZASFwXsL5.97","action":"GetUpdates", "result":"DeleteReceived", "context":{"id":"d8a6cb6d-cc24-4f8b-9fe0-5bb0b12ec640", "isDeleted:":"true", "version":"1711522418859"}}
{"logTime": "0327/231451", "correlationVector":"lE9+ae4/5Yuy1ZASFwXsL5.98","action":"GetUpdates", "result":"DeleteReceived", "context":{"id":"4489720c-d206-47cb-8e83-73be7fe27695", "isDeleted:":"true", "version":"1711522737627"}}
{"logTime": "0327/231451", "correlationVector":"lE9+ae4/5Yuy1ZASFwXsL5.99","action":"GetUpdates", "result":"DeleteReceived", "context":{"id":"542b53ce-d00b-47a4-bcde-5bd699aa2f1a", "isDeleted:":"true", "version":"1711522832360"}}
{"logTime": "0327/231451", "correlationVector":"lE9+ae4/5Yuy1ZASFwXsL5.100","action":"GetUpdates", "result":"DeleteReceived", "context":{"id":"b9fb6b85-f2a1-4ef8-b505-20728af6e994", "isDeleted:":"true", "version":"1711523206807"}}
{"logTime": "0327/231451", "correlationVector":"lE9+ae4/5Yuy1ZASFwXsL5.101","action":"GetUpdates", "result":"DeleteReceived", "context":{"id":"9267a63d-96ee-4070-b563-b92f849bb251", "isDeleted:":"true", "version":"1711523576486"}}
{"logTime": "0327/231451", "correlationVector":"lE9+ae4/5Yuy1ZASFwXsL5.102","action":"GetUpdates", "result":"DeleteReceived", "context":{"id":"2f8cd2bf-09e5-4917-9d26-3b014848e50f", "isDeleted:":"true", "version":"1711523576487"}}
{"logTime": "0327/231451", "correlationVector":"lE9+ae4/5Yuy1ZASFwXsL5.103","action":"GetUpdates", "result":"DeleteReceived", "context":{"id":"53a268a2-6b15-41cb-a6cc-a5064563727f", "isDeleted:":"true", "version":"1711524378730"}}
{"logTime": "0327/231451", "correlationVector":"lE9+ae4/5Yuy1ZASFwXsL5.104","action":"GetUpdates", "result":"DeleteReceived", "context":{"id":"db18b03d-ef78-46b1-8302-e0a55f2e53be", "isDeleted:":"true", "version":"1711524704252"}}
{"logTime": "0327/231451", "correlationVector":"lE9+ae4/5Yuy1ZASFwXsL5.105","action":"GetUpdates", "result":"DeleteReceived", "context":{"id":"e2095a87-4412-476f-a4a4-5b5867fc8f08", "isDeleted:":"true", "version":"1711525099894"}}
{"logTime": "0327/231451", "correlationVector":"lE9+ae4/5Yuy1ZASFwXsL5.106","action":"GetUpdates", "result":"DeleteReceived", "context":{"id":"4a700fc2-462a-4209-9abd-0d27864d7a09", "isDeleted:":"true", "version":"1711526690631"}}
{"logTime": "0327/231451", "correlationVector":"lE9+ae4/5Yuy1ZASFwXsL5.107","action":"GetUpdates", "result":"DeleteReceived", "context":{"id":"aa612770-47ff-4e97-b950-8f04a89985a3", "isDeleted:":"true", "version":"1711526690633"}}
{"logTime": "0327/231451", "correlationVector":"lE9+ae4/5Yuy1ZASFwXsL5.108","action":"GetUpdates", "result":"DeleteReceived", "context":{"id":"de581123-d786-4ee6-bb5b-1f5cec67f943", "isDeleted:":"true", "version":"1711526690634"}}
{"logTime": "0327/231451", "correlationVector":"lE9+ae4/5Yuy1ZASFwXsL5.109","action":"GetUpdates", "result":"DeleteReceived", "context":{"id":"a3a451d9-0125-4b39-80d3-63c2a98bafbf", "isDeleted:":"true", "version":"1711526690636"}}
{"logTime": "0327/231451", "correlationVector":"lE9+ae4/5Yuy1ZASFwXsL5.110","action":"GetUpdates", "result":"DeleteReceived", "context":{"id":"fe2a84e3-c1be-46cd-8b16-60849e59bfc7", "isDeleted:":"true", "version":"1711535138501"}}
{"logTime": "0327/231451", "correlationVector":"lE9+ae4/5Yuy1ZASFwXsL5.111","action":"GetUpdates", "result":"DeleteReceived", "context":{"id":"2868dc8d-ea70-41de-b60b-c31e2f384607", "isDeleted:":"true", "version":"1711560904888"}}
{"logTime": "0327/231451", "correlationVector":"lE9+ae4/5Yuy1ZASFwXsL5.112","action":"GetUpdates", "result":"DeleteReceived", "context":{"id":"d52afa40-bbad-406c-b550-0e3c461fe6b2", "isDeleted:":"true", "version":"1711570551607"}}
{"logTime": "0327/231451", "correlationVector":"lE9+ae4/5Yuy1ZASFwXsL5.113","action":"GetUpdates", "result":"DeleteReceived", "context":{"id":"b11ced65-0664-40be-aa4b-22f29d1dddff", "isDeleted:":"true", "version":"1711572692829"}}
{"logTime": "0327/231451", "correlationVector":"lE9+ae4/5Yuy1ZASFwXsL5.114","action":"GetUpdates", "result":"DeleteReceived", "context":{"id":"58ef25db-5fc7-4c74-8275-c54e6b36d4dd", "isDeleted:":"true", "version":"1711574208426"}}
{"logTime": "0327/231451", "correlationVector":"lE9+ae4/5Yuy1ZASFwXsL5.115","action":"GetUpdates", "result":"DeleteReceived", "context":{"id":"38f5bda3-2611-452b-a650-3ac19e772e5a", "isDeleted:":"true", "version":"1711576093123"}}
{"logTime": "0327/231451", "correlationVector":"lE9+ae4/5Yuy1ZASFwXsL5.116","action":"GetUpdates", "result":"DeleteReceived", "context":{"id":"81229aee-af2a-4eb4-96eb-1f4ab9296971", "isDeleted:":"true", "version":"1711576248359"}}
{"logTime": "0327/231451", "correlationVector":"lE9+ae4/5Yuy1ZASFwXsL5.117","action":"GetUpdates", "result":"DeleteReceived", "context":{"id":"03d1a2a5-7025-4168-850a-18f5a610eab5", "isDeleted:":"true", "version":"1711576582197"}}
{"logTime": "0327/231451", "correlationVector":"lE9+ae4/5Yuy1ZASFwXsL5.118","action":"GetUpdates", "result":"DeleteReceived", "context":{"id":"46ae4606-cb46-43c0-a480-aea97a62b6f1", "isDeleted:":"true", "version":"1711576745662"}}
{"logTime": "0327/231451", "correlationVector":"lE9+ae4/5Yuy1ZASFwXsL5.119","action":"GetUpdates", "result":"DeleteReceived", "context":{"id":"cebe1f5a-5b84-421f-a8e6-f6d6dc8b2d1a", "isDeleted:":"true", "version":"1711576877593"}}
{"logTime": "0327/231451", "correlationVector":"lE9+ae4/5Yuy1ZASFwXsL5.120","action":"GetUpdates", "result":"DeleteReceived", "context":{"id":"d5e96080-4f6a-4bf7-93c8-ea2ff3369276", "isDeleted:":"true", "version":"1711579871072"}}
{"logTime": "0327/231451", "correlationVector":"lE9+ae4/5Yuy1ZASFwXsL5.121","action":"GetUpdates", "result":"DeleteReceived", "context":{"id":"7b30b2cf-0815-4bab-8402-4e3028eae197", "isDeleted:":"true", "version":"1711580443775"}}
{"logTime": "0327/231451", "correlationVector":"lE9+ae4/5Yuy1ZASFwXsL5.122","action":"GetUpdates", "result":"DeleteReceived", "context":{"id":"8cd27de5-0c93-4950-80ce-604f9c4452a4", "isDeleted:":"true", "version":"1711580692917"}}
{"logTime": "0327/231451", "correlationVector":"lE9+ae4/5Yuy1ZASFwXsL5.123","action":"GetUpdates", "result":"DeleteReceived", "context":{"id":"d812839d-e39e-4d98-a47c-f1e0e1e17fdf", "isDeleted:":"true", "version":"1711580722793"}}
{"logTime": "0327/231451", "correlationVector":"lE9+ae4/5Yuy1ZASFwXsL5.124","action":"GetUpdates", "result":"DeleteReceived", "context":{"id":"2189a20c-4744-437e-a5a4-66ee65aaff7f", "isDeleted:":"true", "version":"1711580733048"}}
{"logTime": "0327/231451", "correlationVector":"lE9+ae4/5Yuy1ZASFwXsL5.125","action":"GetUpdates", "result":"DeleteReceived", "context":{"id":"6fcd0767-d61a-48cb-9609-c162a7985555", "isDeleted:":"true", "version":"1711580754811"}}
{"logTime": "0327/231451", "correlationVector":"lE9+ae4/5Yuy1ZASFwXsL5.126","action":"GetUpdates Response", "result":"SYNCER_OK", "context":Received 191 update(s). cV=lE9+ae4/5Yuy1ZASFwXsL5.0;server=GENERAL01000004;cloudType=Consumer;environment=Prod_WestEurope_x00e;migrationStage=NotStarted}
{"logTime": "0327/231451", "correlationVector":"iqF1X3jz9HCHSwrl70Y/B/","action":"Normal GetUpdate request", "result":"", "context":cV=iqF1X3jz9HCHSwrl70Y/B/
Nudged types: Preferences, Typed URLs, Sessions, Device Info, User Consents
Refresh requested types: Bookmarks, Preferences, Passwords, Autofill Profiles, Autofill, Typed URLs, Extensions, Sessions, Extension settings, History Delete Directives, Device Info, User Consents, Send Tab To Self, Web Apps, Collection, Edge E Drop, Edge Hub App Usage, Edge Wallet, Encryption Keys}
{"logTime": "0327/231451", "correlationVector":"iqF1X3jz9HCHSwrl70Y/B/.1","action":"SyncServerConnectionManagerRequest", "result":"SYNC_SERVER_OK", "context":{"environment":"Prod_WestEurope_x00e", "migrationStage":"NotStarted", "server":"GENERAL0100002B"}}
{"logTime": "0327/231451", "correlationVector":"iqF1X3jz9HCHSwrl70Y/B/.2","action":"GetUpdates Response", "result":"SYNCER_OK", "context":Received 1 update(s). cV=iqF1X3jz9HCHSwrl70Y/B/.0;server=GENERAL0100002B;cloudType=Consumer;environment=Prod_WestEurope_x00e;migrationStage=NotStarted}
{"logTime": "0327/231452", "correlationVector":"UTiz6eVueQN2R7cDewO1RZ","action":"Commit Request", "result":"", "context":Item count: 12
Contributing types: Typed URLs, Sessions, Device Info, User Consents}
{"logTime": "0327/231452", "correlationVector":"UTiz6eVueQN2R7cDewO1RZ.1","action":"SyncServerConnectionManagerRequest", "result":"SYNC_SERVER_OK", "context":{"environment":"Prod_WestEurope_x00e", "migrationStage":"NotStarted", "server":"GENERAL0100000G"}}
{"logTime": "0327/231452", "correlationVector":"UTiz6eVueQN2R7cDewO1RZ.2","action":"Commit Response", "result":"SYNCER_OK", "context":Result: SYNCER_OK. cV=UTiz6eVueQN2R7cDewO1RZ.0;server=GENERAL0100000G;cloudType=Consumer;environment=Prod_WestEurope_x00e;migrationStage=NotStarted}
{"logTime": "0327/231743", "correlationVector":"5PMa2BQ24gQmkG5F+eN/Ip","action":"Commit Request", "result":"", "context":Item count: 1
Contributing types: Sessions}
{"logTime": "0327/231744", "correlationVector":"5PMa2BQ24gQmkG5F+eN/Ip.1","action":"SyncServerConnectionManagerRequest", "result":"SYNC_SERVER_OK", "context":{"environment":"Prod_WestEurope_000l", "migrationStage":"NotStarted", "server":"GENERAL01000019"}}
{"logTime": "0327/231744", "correlationVector":"5PMa2BQ24gQmkG5F+eN/Ip.2","action":"Commit Response", "result":"SYNCER_OK", "context":Result: SYNCER_OK. cV=5PMa2BQ24gQmkG5F+eN/Ip.0;server=GENERAL01000019;cloudType=Consumer;environment=Prod_WestEurope_000l;migrationStage=NotStarted}
{"logTime": "0327/231839", "correlationVector":"in1sQCiniQ+L/sgRGuLG0p","action":"Normal GetUpdate request", "result":"", "context":cV=in1sQCiniQ+L/sgRGuLG0p
Refresh requested types: Bookmarks, Preferences, Passwords, Autofill Profiles, Autofill, Typed URLs, Extensions, Sessions, Extension settings, History Delete Directives, Device Info, User Consents, Send Tab To Self, Web Apps, Collection, Edge E Drop, Edge Hub App Usage, Edge Wallet, Encryption Keys}
{"logTime": "0327/231839", "correlationVector":"in1sQCiniQ+L/sgRGuLG0p.1","action":"SyncServerConnectionManagerRequest", "result":"SYNC_SERVER_OK", "context":{"environment":"Prod_WestEurope_000l", "migrationStage":"NotStarted", "server":"GENERAL0100000P"}}
{"logTime": "0327/231839", "correlationVector":"in1sQCiniQ+L/sgRGuLG0p.2","action":"GetUpdates Response", "result":"SYNCER_OK", "context":Received 12 update(s). cV=in1sQCiniQ+L/sgRGuLG0p.0;server=GENERAL0100000P;cloudType=Consumer;environment=Prod_WestEurope_000l;migrationStage=NotStarted}
{"logTime": "0327/231957", "correlationVector":"RssoiHFGUj14tCMYPtHgcc","action":"Commit Request", "result":"", "context":Item count: 1
Contributing types: Sessions}
{"logTime": "0327/231957", "correlationVector":"RssoiHFGUj14tCMYPtHgcc.1","action":"SyncServerConnectionManagerRequest", "result":"SYNC_SERVER_OK", "context":{"environment":"Prod_WestEurope_000l", "migrationStage":"NotStarted", "server":"GENERAL0300002C"}}
{"logTime": "0327/231957", "correlationVector":"RssoiHFGUj14tCMYPtHgcc.2","action":"Commit Response", "result":"SYNCER_OK", "context":Result: SYNCER_OK. cV=RssoiHFGUj14tCMYPtHgcc.0;server=GENERAL0300002C;cloudType=Consumer;environment=Prod_WestEurope_000l;migrationStage=NotStarted}
{"logTime": "0327/232812", "correlationVector":"iiJ2A0e956CfZQbvaQhBzz.1","action":"SyncServerConnectionManagerRequest", "result":"SYNC_SERVER_OK", "context":{"environment":"Prod_WestEurope_000l", "migrationStage":"NotStarted", "server":"GENERAL0100000C"}}
{"logTime": "0327/232812", "correlationVector":"iiJ2A0e956CfZQbvaQhBzz","action":"Initial GetUpdates", "result":"", "context":Reason: NEW_CLIENT. cV=iiJ2A0e956CfZQbvaQhBzz}
{"logTime": "0327/232812", "correlationVector":"iiJ2A0e956CfZQbvaQhBzz.2","action":"GetUpdates Response", "result":"SYNCER_OK", "context":Received 1 update(s). cV=iiJ2A0e956CfZQbvaQhBzz.0;server=GENERAL0100000C;cloudType=Consumer;environment=Prod_WestEurope_000l;migrationStage=NotStarted}
{"logTime": "0327/232812", "correlationVector":"y611my498oOATGASmG+Rr6","action":"Initial GetUpdates", "result":"", "context":Reason: NEWLY_SUPPORTED_DATATYPE. cV=y611my498oOATGASmG+Rr6}
{"logTime": "0327/232812", "correlationVector":"y611my498oOATGASmG+Rr6.1","action":"SyncServerConnectionManagerRequest", "result":"SYNC_SERVER_OK", "context":{"environment":"Prod_WestEurope_000l", "migrationStage":"NotStarted", "server":"GENERAL0100000E"}}
{"logTime": "0327/232812", "correlationVector":"y611my498oOATGASmG+Rr6.2","action":"GetUpdates", "result":"DeleteReceived", "context":{"id":"99c60e8f-b72c-4b28-a4e4-bad015af40a5", "isDeleted:":"true", "version":"1685555743959"}}
{"logTime": "0327/232812", "correlationVector":"y611my498oOATGASmG+Rr6.3","action":"GetUpdates", "result":"DeleteReceived", "context":{"id":"2494e27a-a4c5-48dc-b6f2-870fa8ec0f63", "isDeleted:":"true", "version":"1688469379219"}}
{"logTime": "0327/232812", "correlationVector":"y611my498oOATGASmG+Rr6.4","action":"GetUpdates", "result":"DeleteReceived", "context":{"id":"913208a6-809c-4578-a3fd-e041de0a1fe9", "isDeleted:":"true", "version":"1695108617099"}}
{"logTime": "0327/232812", "correlationVector":"y611my498oOATGASmG+Rr6.5","action":"GetUpdates", "result":"DeleteReceived", "context":{"id":"4598f89e-3496-4003-95dd-33d4a16ce949", "isDeleted:":"true", "version":"1696260520085"}}
{"logTime": "0327/232812", "correlationVector":"y611my498oOATGASmG+Rr6.6","action":"GetUpdates", "result":"DeleteReceived", "context":{"id":"4a868c84-734f-4c77-9580-4ddaebda8b8c", "isDeleted:":"true", "version":"1696832762027"}}
{"logTime": "0327/232812", "correlationVector":"y611my498oOATGASmG+Rr6.7","action":"GetUpdates", "result":"DeleteReceived", "context":{"id":"638c45df-dbbd-4538-a439-256580e69075", "isDeleted:":"true", "version":"1696832888666"}}
{"logTime": "0327/232812", "correlationVector":"y611my498oOATGASmG+Rr6.8","action":"GetUpdates", "result":"DeleteReceived", "context":{"id":"b42f79c8-8b99-4cb4-99e9-bdf95842ebdf", "isDeleted:":"true", "version":"1696832907295"}}
{"logTime": "0327/232812", "correlationVector":"y611my498oOATGASmG+Rr6.9","action":"GetUpdates", "result":"DeleteReceived", "context":{"id":"d7e25273-5198-4808-b7d6-a8a759e57ef1", "isDeleted:":"true", "version":"1696832937224"}}
{"logTime": "0327/232812", "correlationVector":"y611my498oOATGASmG+Rr6.10","action":"GetUpdates", "result":"DeleteReceived", "context":{"id":"4b2874c9-a9c9-48d2-adcd-d9f4587bec6f", "isDeleted:":"true", "version":"1697967557005"}}
{"logTime": "0327/232812", "correlationVector":"y611my498oOATGASmG+Rr6.11","action":"GetUpdates", "result":"DeleteReceived", "context":{"id":"24479ff4-6f3a-41d0-bc4b-249f08024763", "isDeleted:":"true", "version":"1698058475376"}}
{"logTime": "0327/232812", "correlationVector":"y611my498oOATGASmG+Rr6.12","action":"GetUpdates", "result":"DeleteReceived", "context":{"id":"ec31739f-b58d-4b2c-8e2d-a04ce2862ab5", "isDeleted:":"true", "version":"1698058477587"}}
{"logTime": "0327/232812", "correlationVector":"y611my498oOATGASmG+Rr6.13","action":"GetUpdates", "result":"DeleteReceived", "context":{"id":"42e17bbd-1836-463b-8e6f-800ad3647e44", "isDeleted:":"true", "version":"1700568690212"}}
{"logTime": "0327/232812", "correlationVector":"y611my498oOATGASmG+Rr6.14","action":"GetUpdates", "result":"DeleteReceived", "context":{"id":"ccc4615b-25a9-492f-b287-b304de04cf99", "isDeleted:":"true", "version":"1700568710291"}}
{"logTime": "0327/232812", "correlationVector":"y611my498oOATGASmG+Rr6.15","action":"GetUpdates", "result":"DeleteReceived", "context":{"id":"47516393-e061-4cd6-9bee-784b31a3d4c6", "isDeleted:":"true", "version":"1700568729034"}}
{"logTime": "0327/232812", "correlationVector":"y611my498oOATGASmG+Rr6.16","action":"GetUpdates", "result":"DeleteReceived", "context":{"id":"0a6ae3b2-e77a-45b8-bd4a-86e346af09cf", "isDeleted:":"true", "version":"1701955457646"}}
{"logTime": "0327/232812", "correlationVector":"y611my498oOATGASmG+Rr6.17","action":"GetUpdates", "result":"DeleteReceived", "context":{"id":"c4b113ca-3ee4-41eb-96b0-db5e0589bbcc", "isDeleted:":"true", "version":"1702279155108"}}
{"logTime": "0327/232812", "correlationVector":"y611my498oOATGASmG+Rr6.18","action":"GetUpdates", "result":"DeleteReceived", "context":{"id":"2f952ee9-12a0-4c8a-b601-266af63b02eb", "isDeleted:":"true", "version":"1705942734733"}}
{"logTime": "0327/232812", "correlationVector":"y611my498oOATGASmG+Rr6.19","action":"GetUpdates", "result":"DeleteReceived", "context":{"id":"70d78255-810e-4bf8-b517-629bcb683843", "isDeleted:":"true", "version":"1708104516267"}}
{"logTime": "0327/232812", "correlationVector":"y611my498oOATGASmG+Rr6.20","action":"GetUpdates", "result":"DeleteReceived", "context":{"id":"b800b418-ad9e-4e63-b872-9ce6ba3feb75", "isDeleted:":"true", "version":"1710919460705"}}
{"logTime": "0327/232812", "correlationVector":"y611my498oOATGASmG+Rr6.21","action":"GetUpdates", "result":"DeleteReceived", "context":{"id":"51edc16b-5548-4976-bf90-c34b9b048d8c", "isDeleted:":"true", "version":"1710919634571"}}
{"logTime": "0327/232812", "correlationVector":"y611my498oOATGASmG+Rr6.22","action":"GetUpdates Response", "result":"SYNCER_OK", "context":Received 134 update(s). cV=y611my498oOATGASmG+Rr6.0;server=GENERAL0100000E;cloudType=Consumer;environment=Prod_WestEurope_000l;migrationStage=NotStarted}
{"logTime": "0327/232812", "correlationVector":"IqhB5QSD6QFTaef9bGvhNM","action":"Normal GetUpdate request", "result":"", "context":cV=IqhB5QSD6QFTaef9bGvhNM
Nudged types: Sessions
Refresh requested types: Bookmarks, Preferences, Passwords, Autofill Profiles, Autofill, Typed URLs, Extensions, Sessions, Extension settings, History Delete Directives, Device Info, User Consents, Send Tab To Self, Web Apps, Collection, Edge E Drop, Edge Hub App Usage, Edge Wallet, Encryption Keys}
{"logTime": "0327/232812", "correlationVector":"IqhB5QSD6QFTaef9bGvhNM.1","action":"SyncServerConnectionManagerRequest", "result":"SYNC_SERVER_OK", "context":{"environment":"Prod_WestEurope_000l", "migrationStage":"NotStarted", "server":"GENERAL0100000D"}}
{"logTime": "0327/232812", "correlationVector":"IqhB5QSD6QFTaef9bGvhNM.2","action":"GetUpdates", "result":"DeleteReceived", "context":{"id":"4a323bce-f5fd-4cba-9b3a-24a1cacbd98c", "isDeleted:":"true", "version":"1711581722791"}}
{"logTime": "0327/232812", "correlationVector":"IqhB5QSD6QFTaef9bGvhNM.3","action":"GetUpdates Response", "result":"SYNCER_OK", "context":Received 5 update(s). cV=IqhB5QSD6QFTaef9bGvhNM.0;server=GENERAL0100000D;cloudType=Consumer;environment=Prod_WestEurope_000l;migrationStage=NotStarted}
{"logTime": "0327/232812", "correlationVector":"g1uVqxRDACNSXjbWQBAjfX","action":"Commit Request", "result":"", "context":Item count: 3
Contributing types: Sessions}
{"logTime": "0327/232812", "correlationVector":"g1uVqxRDACNSXjbWQBAjfX.1","action":"SyncServerConnectionManagerRequest", "result":"SYNC_SERVER_OK", "context":{"environment":"Prod_WestEurope_000l", "migrationStage":"NotStarted", "server":"GENERAL01000026"}}
{"logTime": "0327/232812", "correlationVector":"g1uVqxRDACNSXjbWQBAjfX.3","action":"Commit.Sessions", "result":"Success", "context":{"id":"fd87e28d-3a99-46c1-a6ea-0f27e5bc5f53", "isDeleted":"true", "size":"0", "version":"1711581597337"}}
{"logTime": "0327/232812", "correlationVector":"g1uVqxRDACNSXjbWQBAjfX.2","action":"Commit Response", "result":"SYNCER_OK", "context":Result: SYNCER_OK. cV=g1uVqxRDACNSXjbWQBAjfX.0;server=GENERAL01000026;cloudType=Consumer;environment=Prod_WestEurope_000l;migrationStage=NotStarted}
{"logTime": "0327/232812", "correlationVector":"nWfSyplgZNGdlZjPkv45Wq","action":"SyncServerConnectionManagerRequest", "result":"SYNC_SERVER_OK", "context":{"environment":"", "migrationStage":"", "server":""}}
{"logTime": "0327/232812", "correlationVector":"XMv+0un5oDQRL4lfd06yxZ","action":"Normal GetUpdate request", "result":"", "context":cV=XMv+0un5oDQRL4lfd06yxZ
Nudged types: Sessions
Notified types: Preferences}
{"logTime": "0327/232812", "correlationVector":"XMv+0un5oDQRL4lfd06yxZ.1","action":"SyncServerConnectionManagerRequest", "result":"SYNC_SERVER_OK", "context":{"environment":"Prod_WestEurope_000l", "migrationStage":"NotStarted", "server":"GENERAL0100000Q"}}
{"logTime": "0327/232812", "correlationVector":"XMv+0un5oDQRL4lfd06yxZ.2","action":"GetUpdates", "result":"DeleteReceived", "context":{"id":"fd87e28d-3a99-46c1-a6ea-0f27e5bc5f53", "isDeleted:":"true", "version":"1711582077017"}}
{"logTime": "0327/232812", "correlationVector":"XMv+0un5oDQRL4lfd06yxZ.3","action":"GetUpdates Response", "result":"SYNCER_OK", "context":Received 3 update(s). cV=XMv+0un5oDQRL4lfd06yxZ.0;server=GENERAL0100000Q;cloudType=Consumer;environment=Prod_WestEurope_000l;migrationStage=NotStarted}
{"logTime": "0327/232812", "correlationVector":"F1rldEekBP8tUEJRbkMZcf","action":"Normal GetUpdate request", "result":"", "context":cV=F1rldEekBP8tUEJRbkMZcf
Refresh requested types: Bookmarks, Preferences, Passwords, Autofill Profiles, Autofill, Typed URLs, Extensions, Sessions, Extension settings, History Delete Directives, Device Info, User Consents, Send Tab To Self, Web Apps, Collection, Edge E Drop, Edge Hub App Usage, Edge Wallet, Encryption Keys}
{"logTime": "0327/232812", "correlationVector":"F1rldEekBP8tUEJRbkMZcf.1","action":"SyncServerConnectionManagerRequest", "result":"SYNC_SERVER_OK", "context":{"environment":"Prod_WestEurope_000l", "migrationStage":"NotStarted", "server":"GENERAL0100000Y"}}
{"logTime": "0327/232812", "correlationVector":"F1rldEekBP8tUEJRbkMZcf.2","action":"GetUpdates Response", "result":"SYNCER_OK", "context":Received 0 update(s). cV=F1rldEekBP8tUEJRbkMZcf.0;server=GENERAL0100000Y;cloudType=Consumer;environment=Prod_WestEurope_000l;migrationStage=NotStarted}
{"logTime": "0327/232812", "correlationVector":"q7uCYIyMUtfCybvJ6BZwbG","action":"Normal GetUpdate request", "result":"", "context":cV=q7uCYIyMUtfCybvJ6BZwbG
Nudged types: Sessions
Notified types: Preferences}
{"logTime": "0327/232812", "correlationVector":"q7uCYIyMUtfCybvJ6BZwbG.1","action":"SyncServerConnectionManagerRequest", "result":"SYNC_SERVER_OK", "context":{"environment":"Prod_WestEurope_000l", "migrationStage":"NotStarted", "server":"GENERAL0100000F"}}
{"logTime": "0327/232812", "correlationVector":"q7uCYIyMUtfCybvJ6BZwbG.2","action":"GetUpdates Response", "result":"SYNCER_OK", "context":Received 1 update(s). cV=q7uCYIyMUtfCybvJ6BZwbG.0;server=GENERAL0100000F;cloudType=Consumer;environment=Prod_WestEurope_000l;migrationStage=NotStarted}
{"logTime": "0327/232812", "correlationVector":"RNm9f5SPMq++zlsST1e+J3","action":"Commit Request", "result":"", "context":Item count: 1
Contributing types: Sessions}
{"logTime": "0327/232812", "correlationVector":"RNm9f5SPMq++zlsST1e+J3.1","action":"SyncServerConnectionManagerRequest", "result":"SYNC_SERVER_OK", "context":{"environment":"Prod_WestEurope_000l", "migrationStage":"NotStarted", "server":"GENERAL01000001"}}
{"logTime": "0327/232812", "correlationVector":"RNm9f5SPMq++zlsST1e+J3.2","action":"Commit Response", "result":"SYNCER_OK", "context":Result: SYNCER_OK. cV=RNm9f5SPMq++zlsST1e+J3.0;server=GENERAL01000001;cloudType=Consumer;environment=Prod_WestEurope_000l;migrationStage=NotStarted}
{"logTime": "0327/232825", "correlationVector":"taTdE5IDy5L95RQ+ViwXhD","action":"Commit Request", "result":"", "context":Item count: 1
Contributing types: Preferences}
{"logTime": "0327/232826", "correlationVector":"taTdE5IDy5L95RQ+ViwXhD.1","action":"SyncServerConnectionManagerRequest", "result":"SYNC_SERVER_OK", "context":{"environment":"Prod_WestEurope_000l", "migrationStage":"NotStarted", "server":"GENERAL0100000V"}}
{"logTime": "0327/232826", "correlationVector":"taTdE5IDy5L95RQ+ViwXhD.2","action":"Commit Response", "result":"SYNCER_OK", "context":Result: SYNCER_OK. cV=taTdE5IDy5L95RQ+ViwXhD.0;server=GENERAL0100000V;cloudType=Consumer;environment=Prod_WestEurope_000l;migrationStage=NotStarted}
